<?xml version="1.0" encoding="UTF-8"?>
<robot generator="Robot 4.1.3 (Python 3.8.10 on win32)" generated="20220131 21:44:08.592" rpa="false" schemaversion="2">
<suite id="s1" name="Test" source="C:\pythonProject\GTV_Test\Tests\Test.robot">
<test id="s1-t1" name="1 Launch the GTV application">
<kw name="Launch Applacation" library="resource">
<msg timestamp="20220131 21:44:09.251" level="TRACE">Arguments: [  ]</msg>
<kw name="Open Application" library="AppiumLibrary">
<arg>${Server}</arg>
<arg>platformName=${PlatformName}</arg>
<arg>platformVersion=${PlatformVersion}</arg>
<arg>deviceName=${DeviceName}</arg>
<arg>appPackage=${AppPackage}</arg>
<arg>appActivity=${AppActivity}</arg>
<doc>Opens a new application to given Appium server.
Capabilities of appium server, Android and iOS,
Please check https://github.com/appium/appium/blob/master/docs/en/writing-running-appium/server-args.md
| *Option*            | *Man.* | *Description*     |
| remote_url          | Yes    | Appium server url |
| alias               | no     | alias             |</doc>
<msg timestamp="20220131 21:44:09.253" level="TRACE">Arguments: [ 'http://localhost:7777/wd/hub' | platformName='Android' | platformVersion='8.1.0' | deviceName='Test' | appPackage='org.gtv.app' | appActivity='org.gtv.newapp.ui.MainActivity' ]</msg>
<msg timestamp="20220131 21:44:09.253" level="DEBUG">Keyword timeout 20 seconds active. 19.998 seconds left.</msg>
<msg timestamp="20220131 21:44:09.257" level="DEBUG">POST http://localhost:7777/wd/hub/session {"capabilities": {"alwaysMatch": {"platformName": "Android", "appium:platformVersion": "8.1.0", "appium:deviceName": "Test", "appium:appPackage": "org.gtv.app", "appium:appActivity": "org.gtv.newapp.ui.MainActivity"}, "firstMatch": [{}]}, "desiredCapabilities": {"platformName": "Android", "platformVersion": "8.1.0", "deviceName": "Test", "appPackage": "org.gtv.app", "appActivity": "org.gtv.newapp.ui.MainActivity"}}</msg>
<msg timestamp="20220131 21:44:09.277" level="DEBUG">Starting new HTTP connection (1): localhost:7777</msg>
<msg timestamp="20220131 21:44:21.322" level="DEBUG">http://localhost:7777 "POST /wd/hub/session HTTP/1.1" 200 883</msg>
<msg timestamp="20220131 21:44:21.323" level="DEBUG">Finished Request</msg>
<msg timestamp="20220131 21:44:21.329" level="DEBUG">Opened application with session id e3b9d9a9-db84-476f-86b4-506b7123c4bd</msg>
<msg timestamp="20220131 21:44:21.330" level="TRACE">Return: 1</msg>
<status status="PASS" starttime="20220131 21:44:09.251" endtime="20220131 21:44:21.330"/>
</kw>
<msg timestamp="20220131 21:44:21.330" level="TRACE">Return: None</msg>
<timeout value="20 seconds"/>
<status status="PASS" starttime="20220131 21:44:09.250" endtime="20220131 21:44:21.330"/>
</kw>
<status status="PASS" starttime="20220131 21:44:09.249" endtime="20220131 21:44:21.331"/>
</test>
<test id="s1-t2" name="2 Login with a valid email and password">
<kw name="Login With A Valid Email And Password" library="resource">
<msg timestamp="20220131 21:44:21.334" level="TRACE">Arguments: [  ]</msg>
<kw name="Wait Until Page Contains Element" library="AppiumLibrary">
<arg>${Main_Profile}</arg>
<doc>Waits until element specified with `locator` appears on current page.</doc>
<msg timestamp="20220131 21:44:21.335" level="TRACE">Arguments: [ 'org.gtv.app:id/navigation_mine' ]</msg>
<msg timestamp="20220131 21:44:21.336" level="DEBUG">POST http://localhost:7777/wd/hub/session/e3b9d9a9-db84-476f-86b4-506b7123c4bd/elements {"using": "id", "value": "org.gtv.app:id/navigation_mine"}</msg>
<msg timestamp="20220131 21:44:21.510" level="DEBUG">http://localhost:7777 "POST /wd/hub/session/e3b9d9a9-db84-476f-86b4-506b7123c4bd/elements HTTP/1.1" 200 139</msg>
<msg timestamp="20220131 21:44:21.510" level="DEBUG">Finished Request</msg>
<msg timestamp="20220131 21:44:21.511" level="TRACE">Return: None</msg>
<status status="PASS" starttime="20220131 21:44:21.335" endtime="20220131 21:44:21.511"/>
</kw>
<kw name="Click Element" library="AppiumLibrary">
<arg>${Main_Profile}</arg>
<doc>Click element identified by `locator`.</doc>
<msg timestamp="20220131 21:44:21.511" level="TRACE">Arguments: [ 'org.gtv.app:id/navigation_mine' ]</msg>
<msg timestamp="20220131 21:44:21.517" level="INFO">Clicking element 'org.gtv.app:id/navigation_mine'.</msg>
<msg timestamp="20220131 21:44:21.517" level="DEBUG">POST http://localhost:7777/wd/hub/session/e3b9d9a9-db84-476f-86b4-506b7123c4bd/elements {"using": "id", "value": "org.gtv.app:id/navigation_mine"}</msg>
<msg timestamp="20220131 21:44:21.569" level="DEBUG">http://localhost:7777 "POST /wd/hub/session/e3b9d9a9-db84-476f-86b4-506b7123c4bd/elements HTTP/1.1" 200 139</msg>
<msg timestamp="20220131 21:44:21.569" level="DEBUG">Finished Request</msg>
<msg timestamp="20220131 21:44:21.570" level="DEBUG">POST http://localhost:7777/wd/hub/session/e3b9d9a9-db84-476f-86b4-506b7123c4bd/element/00000000-0000-19a1-ffff-ffff00000012/click {"id": "00000000-0000-19a1-ffff-ffff00000012"}</msg>
<msg timestamp="20220131 21:44:21.620" level="DEBUG">http://localhost:7777 "POST /wd/hub/session/e3b9d9a9-db84-476f-86b4-506b7123c4bd/element/00000000-0000-19a1-ffff-ffff00000012/click HTTP/1.1" 200 14</msg>
<msg timestamp="20220131 21:44:21.620" level="DEBUG">Finished Request</msg>
<msg timestamp="20220131 21:44:21.620" level="TRACE">Return: None</msg>
<status status="PASS" starttime="20220131 21:44:21.511" endtime="20220131 21:44:21.620"/>
</kw>
<kw name="Wait Until Page Contains Element" library="AppiumLibrary">
<arg>${Login_Email_Field}</arg>
<doc>Waits until element specified with `locator` appears on current page.</doc>
<msg timestamp="20220131 21:44:21.621" level="TRACE">Arguments: [ 'org.gtv.app:id/account' ]</msg>
<msg timestamp="20220131 21:44:21.622" level="DEBUG">POST http://localhost:7777/wd/hub/session/e3b9d9a9-db84-476f-86b4-506b7123c4bd/elements {"using": "id", "value": "org.gtv.app:id/account"}</msg>
<msg timestamp="20220131 21:44:21.919" level="DEBUG">http://localhost:7777 "POST /wd/hub/session/e3b9d9a9-db84-476f-86b4-506b7123c4bd/elements HTTP/1.1" 200 12</msg>
<msg timestamp="20220131 21:44:21.920" level="DEBUG">Finished Request</msg>
<msg timestamp="20220131 21:44:22.120" level="DEBUG">POST http://localhost:7777/wd/hub/session/e3b9d9a9-db84-476f-86b4-506b7123c4bd/elements {"using": "id", "value": "org.gtv.app:id/account"}</msg>
<msg timestamp="20220131 21:44:22.949" level="DEBUG">http://localhost:7777 "POST /wd/hub/session/e3b9d9a9-db84-476f-86b4-506b7123c4bd/elements HTTP/1.1" 200 139</msg>
<msg timestamp="20220131 21:44:22.949" level="DEBUG">Finished Request</msg>
<msg timestamp="20220131 21:44:22.949" level="TRACE">Return: None</msg>
<status status="PASS" starttime="20220131 21:44:21.621" endtime="20220131 21:44:22.949"/>
</kw>
<kw name="Input Text" library="AppiumLibrary">
<arg>${Login_Email_Field}</arg>
<arg>${Dict_User_Valid}[email]</arg>
<doc>Types the given `text` into text field identified by `locator`.</doc>
<msg timestamp="20220131 21:44:22.950" level="TRACE">Arguments: [ 'org.gtv.app:id/account' | 'patrick@gmail.com' ]</msg>
<msg timestamp="20220131 21:44:22.956" level="INFO">Typing text 'patrick@gmail.com' into text field 'org.gtv.app:id/account'</msg>
<msg timestamp="20220131 21:44:22.956" level="DEBUG">POST http://localhost:7777/wd/hub/session/e3b9d9a9-db84-476f-86b4-506b7123c4bd/elements {"using": "id", "value": "org.gtv.app:id/account"}</msg>
<msg timestamp="20220131 21:44:23.025" level="DEBUG">http://localhost:7777 "POST /wd/hub/session/e3b9d9a9-db84-476f-86b4-506b7123c4bd/elements HTTP/1.1" 200 139</msg>
<msg timestamp="20220131 21:44:23.025" level="DEBUG">Finished Request</msg>
<msg timestamp="20220131 21:44:23.026" level="DEBUG">POST http://localhost:7777/wd/hub/session/e3b9d9a9-db84-476f-86b4-506b7123c4bd/element/00000000-0000-19a2-ffff-ffff000000c0/value {"text": "patrick@gmail.com", "value": ["p", "a", "t", "r", "i", "c", "k", "@", "g", "m", "a", "i", "l", ".", "c", "o", "m"], "id": "00000000-0000-19a2-ffff-ffff000000c0"}</msg>
<msg timestamp="20220131 21:44:23.623" level="DEBUG">http://localhost:7777 "POST /wd/hub/session/e3b9d9a9-db84-476f-86b4-506b7123c4bd/element/00000000-0000-19a2-ffff-ffff000000c0/value HTTP/1.1" 200 14</msg>
<msg timestamp="20220131 21:44:23.624" level="DEBUG">Finished Request</msg>
<msg timestamp="20220131 21:44:23.624" level="TRACE">Return: None</msg>
<status status="PASS" starttime="20220131 21:44:22.950" endtime="20220131 21:44:23.624"/>
</kw>
<kw name="Input Text" library="AppiumLibrary">
<arg>${Login_Password_Fieled}</arg>
<arg>${Dict_User_Valid}[password]</arg>
<doc>Types the given `text` into text field identified by `locator`.</doc>
<msg timestamp="20220131 21:44:23.625" level="TRACE">Arguments: [ 'org.gtv.app:id/password' | 'Test0604' ]</msg>
<msg timestamp="20220131 21:44:23.631" level="INFO">Typing text 'Test0604' into text field 'org.gtv.app:id/password'</msg>
<msg timestamp="20220131 21:44:23.631" level="DEBUG">POST http://localhost:7777/wd/hub/session/e3b9d9a9-db84-476f-86b4-506b7123c4bd/elements {"using": "id", "value": "org.gtv.app:id/password"}</msg>
<msg timestamp="20220131 21:44:24.282" level="DEBUG">http://localhost:7777 "POST /wd/hub/session/e3b9d9a9-db84-476f-86b4-506b7123c4bd/elements HTTP/1.1" 200 139</msg>
<msg timestamp="20220131 21:44:24.283" level="DEBUG">Finished Request</msg>
<msg timestamp="20220131 21:44:24.283" level="DEBUG">POST http://localhost:7777/wd/hub/session/e3b9d9a9-db84-476f-86b4-506b7123c4bd/element/00000000-0000-19a2-ffff-ffff000000c1/value {"text": "Test0604", "value": ["T", "e", "s", "t", "0", "6", "0", "4"], "id": "00000000-0000-19a2-ffff-ffff000000c1"}</msg>
<msg timestamp="20220131 21:44:24.850" level="DEBUG">http://localhost:7777 "POST /wd/hub/session/e3b9d9a9-db84-476f-86b4-506b7123c4bd/element/00000000-0000-19a2-ffff-ffff000000c1/value HTTP/1.1" 200 14</msg>
<msg timestamp="20220131 21:44:24.850" level="DEBUG">Finished Request</msg>
<msg timestamp="20220131 21:44:24.850" level="TRACE">Return: None</msg>
<status status="PASS" starttime="20220131 21:44:23.625" endtime="20220131 21:44:24.851"/>
</kw>
<kw name="Hide Keyboard" library="AppiumLibrary">
<doc>Hides the software keyboard on the device. (optional) In iOS, use `key_name` to press
a particular key, ex. `Done`. In Android, no parameters are used.</doc>
<msg timestamp="20220131 21:44:24.851" level="TRACE">Arguments: [  ]</msg>
<msg timestamp="20220131 21:44:24.851" level="DEBUG">POST http://localhost:7777/wd/hub/session/e3b9d9a9-db84-476f-86b4-506b7123c4bd/appium/device/hide_keyboard {"strategy": "tapOutside"}</msg>
<msg timestamp="20220131 21:44:25.605" level="DEBUG">http://localhost:7777 "POST /wd/hub/session/e3b9d9a9-db84-476f-86b4-506b7123c4bd/appium/device/hide_keyboard HTTP/1.1" 200 14</msg>
<msg timestamp="20220131 21:44:25.606" level="DEBUG">Finished Request</msg>
<msg timestamp="20220131 21:44:25.606" level="TRACE">Return: None</msg>
<status status="PASS" starttime="20220131 21:44:24.851" endtime="20220131 21:44:25.606"/>
</kw>
<kw name="Click Element" library="AppiumLibrary">
<arg>${Login_Login_Button}</arg>
<doc>Click element identified by `locator`.</doc>
<msg timestamp="20220131 21:44:25.607" level="TRACE">Arguments: [ 'org.gtv.app:id/sign_in_parent' ]</msg>
<msg timestamp="20220131 21:44:25.612" level="INFO">Clicking element 'org.gtv.app:id/sign_in_parent'.</msg>
<msg timestamp="20220131 21:44:25.613" level="DEBUG">POST http://localhost:7777/wd/hub/session/e3b9d9a9-db84-476f-86b4-506b7123c4bd/elements {"using": "id", "value": "org.gtv.app:id/sign_in_parent"}</msg>
<msg timestamp="20220131 21:44:26.180" level="DEBUG">http://localhost:7777 "POST /wd/hub/session/e3b9d9a9-db84-476f-86b4-506b7123c4bd/elements HTTP/1.1" 200 139</msg>
<msg timestamp="20220131 21:44:26.181" level="DEBUG">Finished Request</msg>
<msg timestamp="20220131 21:44:26.181" level="DEBUG">POST http://localhost:7777/wd/hub/session/e3b9d9a9-db84-476f-86b4-506b7123c4bd/element/00000000-0000-19a2-ffff-ffff000000be/click {"id": "00000000-0000-19a2-ffff-ffff000000be"}</msg>
<msg timestamp="20220131 21:44:26.237" level="DEBUG">http://localhost:7777 "POST /wd/hub/session/e3b9d9a9-db84-476f-86b4-506b7123c4bd/element/00000000-0000-19a2-ffff-ffff000000be/click HTTP/1.1" 200 14</msg>
<msg timestamp="20220131 21:44:26.237" level="DEBUG">Finished Request</msg>
<msg timestamp="20220131 21:44:26.237" level="TRACE">Return: None</msg>
<status status="PASS" starttime="20220131 21:44:25.606" endtime="20220131 21:44:26.237"/>
</kw>
<msg timestamp="20220131 21:44:26.238" level="TRACE">Return: None</msg>
<status status="PASS" starttime="20220131 21:44:21.334" endtime="20220131 21:44:26.238"/>
</kw>
<status status="PASS" starttime="20220131 21:44:21.332" endtime="20220131 21:44:26.239"/>
</test>
<test id="s1-t3" name="3 Check home Page video info">
<kw name="Wait Until Page Contains Element" library="AppiumLibrary">
<arg>${Main_Feed_List}</arg>
<doc>Waits until element specified with `locator` appears on current page.</doc>
<msg timestamp="20220131 21:44:26.242" level="TRACE">Arguments: [ '//androidx.recyclerview.widget.RecyclerView[@resource-id="org.gtv.app:id/feed_list"]/android.view.ViewGroup' ]</msg>
<msg timestamp="20220131 21:44:26.242" level="DEBUG">POST http://localhost:7777/wd/hub/session/e3b9d9a9-db84-476f-86b4-506b7123c4bd/elements {"using": "xpath", "value": "//androidx.recyclerview.widget.RecyclerView[@resource-id=\"org.gtv.app:id/feed_list\"]/android.view.ViewGroup"}</msg>
<msg timestamp="20220131 21:44:26.714" level="DEBUG">http://localhost:7777 "POST /wd/hub/session/e3b9d9a9-db84-476f-86b4-506b7123c4bd/elements HTTP/1.1" 200 12</msg>
<msg timestamp="20220131 21:44:26.714" level="DEBUG">Finished Request</msg>
<msg timestamp="20220131 21:44:26.914" level="DEBUG">POST http://localhost:7777/wd/hub/session/e3b9d9a9-db84-476f-86b4-506b7123c4bd/elements {"using": "xpath", "value": "//androidx.recyclerview.widget.RecyclerView[@resource-id=\"org.gtv.app:id/feed_list\"]/android.view.ViewGroup"}</msg>
<msg timestamp="20220131 21:44:27.033" level="DEBUG">http://localhost:7777 "POST /wd/hub/session/e3b9d9a9-db84-476f-86b4-506b7123c4bd/elements HTTP/1.1" 200 12</msg>
<msg timestamp="20220131 21:44:27.034" level="DEBUG">Finished Request</msg>
<msg timestamp="20220131 21:44:27.234" level="DEBUG">POST http://localhost:7777/wd/hub/session/e3b9d9a9-db84-476f-86b4-506b7123c4bd/elements {"using": "xpath", "value": "//androidx.recyclerview.widget.RecyclerView[@resource-id=\"org.gtv.app:id/feed_list\"]/android.view.ViewGroup"}</msg>
<msg timestamp="20220131 21:44:27.337" level="DEBUG">http://localhost:7777 "POST /wd/hub/session/e3b9d9a9-db84-476f-86b4-506b7123c4bd/elements HTTP/1.1" 200 12</msg>
<msg timestamp="20220131 21:44:27.337" level="DEBUG">Finished Request</msg>
<msg timestamp="20220131 21:44:27.537" level="DEBUG">POST http://localhost:7777/wd/hub/session/e3b9d9a9-db84-476f-86b4-506b7123c4bd/elements {"using": "xpath", "value": "//androidx.recyclerview.widget.RecyclerView[@resource-id=\"org.gtv.app:id/feed_list\"]/android.view.ViewGroup"}</msg>
<msg timestamp="20220131 21:44:27.657" level="DEBUG">http://localhost:7777 "POST /wd/hub/session/e3b9d9a9-db84-476f-86b4-506b7123c4bd/elements HTTP/1.1" 200 12</msg>
<msg timestamp="20220131 21:44:27.657" level="DEBUG">Finished Request</msg>
<msg timestamp="20220131 21:44:27.857" level="DEBUG">POST http://localhost:7777/wd/hub/session/e3b9d9a9-db84-476f-86b4-506b7123c4bd/elements {"using": "xpath", "value": "//androidx.recyclerview.widget.RecyclerView[@resource-id=\"org.gtv.app:id/feed_list\"]/android.view.ViewGroup"}</msg>
<msg timestamp="20220131 21:44:29.399" level="DEBUG">http://localhost:7777 "POST /wd/hub/session/e3b9d9a9-db84-476f-86b4-506b7123c4bd/elements HTTP/1.1" 200 395</msg>
<msg timestamp="20220131 21:44:29.400" level="DEBUG">Finished Request</msg>
<msg timestamp="20220131 21:44:29.400" level="TRACE">Return: None</msg>
<status status="PASS" starttime="20220131 21:44:26.241" endtime="20220131 21:44:29.400"/>
</kw>
<kw name="Get Video List Structure" library="resource">
<arg>${Main_Feed_List}</arg>
<msg timestamp="20220131 21:44:29.402" level="TRACE">Arguments: [ ${Main_Feed_List}='//androidx.recyclerview.widget.RecyclerView[@resource-id="org.gtv.app:id/feed_list"]/android.view.ViewGroup' ]</msg>
<kw name="Get Matching Xpath Count" library="AppiumLibrary">
<var>${count_ViewGroup}</var>
<arg>${Main_Feed_List}</arg>
<doc>Returns number of elements matching ``xpath``</doc>
<msg timestamp="20220131 21:44:29.403" level="TRACE">Arguments: [ '//androidx.recyclerview.widget.RecyclerView[@resource-id="org.gtv.app:id/feed_list"]/android.view.ViewGroup' ]</msg>
<msg timestamp="20220131 21:44:29.403" level="DEBUG">POST http://localhost:7777/wd/hub/session/e3b9d9a9-db84-476f-86b4-506b7123c4bd/elements {"using": "xpath", "value": "//androidx.recyclerview.widget.RecyclerView[@resource-id=\"org.gtv.app:id/feed_list\"]/android.view.ViewGroup"}</msg>
<msg timestamp="20220131 21:44:29.760" level="DEBUG">http://localhost:7777 "POST /wd/hub/session/e3b9d9a9-db84-476f-86b4-506b7123c4bd/elements HTTP/1.1" 200 395</msg>
<msg timestamp="20220131 21:44:29.761" level="DEBUG">Finished Request</msg>
<msg timestamp="20220131 21:44:29.761" level="TRACE">Return: '3'</msg>
<msg timestamp="20220131 21:44:29.761" level="INFO">${count_ViewGroup} = 3</msg>
<status status="PASS" starttime="20220131 21:44:29.402" endtime="20220131 21:44:29.761"/>
</kw>
<for flavor="IN RANGE">
<var>${index}</var>
<value>1</value>
<value>${count_ViewGroup}</value>
<iter>
<var name="${index}">1</var>
<kw name="Get Matching Xpath Count" library="AppiumLibrary">
<var>${count_ViewGroup_Son}</var>
<arg>//androidx.recyclerview.widget.RecyclerView[@resource-id="org.gtv.app:id/feed_list"]/android.view.ViewGroup[${index}]/*</arg>
<doc>Returns number of elements matching ``xpath``</doc>
<msg timestamp="20220131 21:44:29.763" level="TRACE">Arguments: [ '//androidx.recyclerview.widget.RecyclerView[@resource-id="org.gtv.app:id/feed_list"]/android.view.ViewGroup[1]/*' ]</msg>
<msg timestamp="20220131 21:44:29.763" level="DEBUG">POST http://localhost:7777/wd/hub/session/e3b9d9a9-db84-476f-86b4-506b7123c4bd/elements {"using": "xpath", "value": "//androidx.recyclerview.widget.RecyclerView[@resource-id=\"org.gtv.app:id/feed_list\"]/android.view.ViewGroup[1]/*"}</msg>
<msg timestamp="20220131 21:44:30.161" level="DEBUG">http://localhost:7777 "POST /wd/hub/session/e3b9d9a9-db84-476f-86b4-506b7123c4bd/elements HTTP/1.1" 200 395</msg>
<msg timestamp="20220131 21:44:30.162" level="DEBUG">Finished Request</msg>
<msg timestamp="20220131 21:44:30.162" level="TRACE">Return: '3'</msg>
<msg timestamp="20220131 21:44:30.162" level="INFO">${count_ViewGroup_Son} = 3</msg>
<status status="PASS" starttime="20220131 21:44:29.762" endtime="20220131 21:44:30.162"/>
</kw>
<if>
<branch type="IF" condition="${count_ViewGroup_Son}==3">
<kw name="Log" library="BuiltIn">
<arg>This's Banner.</arg>
<doc>Logs the given message with the given level.</doc>
<msg timestamp="20220131 21:44:30.163" level="TRACE">Arguments: [ "This's Banner." ]</msg>
<msg timestamp="20220131 21:44:30.163" level="INFO">This's Banner.</msg>
<msg timestamp="20220131 21:44:30.163" level="TRACE">Return: None</msg>
<status status="PASS" starttime="20220131 21:44:30.163" endtime="20220131 21:44:30.163"/>
</kw>
<status status="PASS" starttime="20220131 21:44:30.163" endtime="20220131 21:44:30.164"/>
</branch>
<status status="PASS" starttime="20220131 21:44:30.162" endtime="20220131 21:44:30.164"/>
</if>
<if>
<branch type="IF" condition="${count_ViewGroup_Son}==5">
<kw name="Get Matching Xpath Count" library="AppiumLibrary">
<var>${count}</var>
<arg>//androidx.recyclerview.widget.RecyclerView[@resource-id="org.gtv.app:id/feed_list"]/android.view.ViewGroup[${index}]/*[1]/*</arg>
<doc>Returns number of elements matching ``xpath``</doc>
<status status="NOT RUN" starttime="20220131 21:44:30.164" endtime="20220131 21:44:30.165"/>
</kw>
<if>
<branch type="IF" condition="${count}==1">
<kw name="Log" library="BuiltIn">
<arg>This's VideoPlayback.</arg>
<doc>Logs the given message with the given level.</doc>
<status status="NOT RUN" starttime="20220131 21:44:30.165" endtime="20220131 21:44:30.165"/>
</kw>
<kw name="Parse VideoPlayback" library="resource">
<arg>//androidx.recyclerview.widget.RecyclerView[@resource-id="org.gtv.app:id/feed_list"]/android.view.ViewGroup[${index}]</arg>
<status status="NOT RUN" starttime="20220131 21:44:30.165" endtime="20220131 21:44:30.165"/>
</kw>
<status status="NOT RUN" starttime="20220131 21:44:30.165" endtime="20220131 21:44:30.165"/>
</branch>
<status status="NOT RUN" starttime="20220131 21:44:30.165" endtime="20220131 21:44:30.165"/>
</if>
<if>
<branch type="IF" condition="${count}==2">
<kw name="Log" library="BuiltIn">
<arg>This's Live.</arg>
<doc>Logs the given message with the given level.</doc>
<status status="NOT RUN" starttime="20220131 21:44:30.166" endtime="20220131 21:44:30.166"/>
</kw>
<kw name="Parse Live" library="resource">
<arg>//androidx.recyclerview.widget.RecyclerView[@resource-id="org.gtv.app:id/feed_list"]/android.view.ViewGroup[${index}]</arg>
<status status="NOT RUN" starttime="20220131 21:44:30.166" endtime="20220131 21:44:30.166"/>
</kw>
<status status="NOT RUN" starttime="20220131 21:44:30.166" endtime="20220131 21:44:30.166"/>
</branch>
<status status="NOT RUN" starttime="20220131 21:44:30.166" endtime="20220131 21:44:30.166"/>
</if>
<status status="NOT RUN" starttime="20220131 21:44:30.164" endtime="20220131 21:44:30.166"/>
</branch>
<status status="PASS" starttime="20220131 21:44:30.164" endtime="20220131 21:44:30.166"/>
</if>
<if>
<branch type="IF" condition="${count_ViewGroup_Son}==6">
<kw name="Log" library="BuiltIn">
<arg>This is Upcoming.</arg>
<doc>Logs the given message with the given level.</doc>
<status status="NOT RUN" starttime="20220131 21:44:30.167" endtime="20220131 21:44:30.167"/>
</kw>
<kw name="Parse UpComing" library="resource">
<arg>//androidx.recyclerview.widget.RecyclerView[@resource-id="org.gtv.app:id/feed_list"]/android.view.ViewGroup[${index}]</arg>
<status status="NOT RUN" starttime="20220131 21:44:30.167" endtime="20220131 21:44:30.168"/>
</kw>
<status status="NOT RUN" starttime="20220131 21:44:30.167" endtime="20220131 21:44:30.168"/>
</branch>
<status status="PASS" starttime="20220131 21:44:30.167" endtime="20220131 21:44:30.168"/>
</if>
<status status="PASS" starttime="20220131 21:44:29.762" endtime="20220131 21:44:30.168"/>
</iter>
<iter>
<var name="${index}">2</var>
<kw name="Get Matching Xpath Count" library="AppiumLibrary">
<var>${count_ViewGroup_Son}</var>
<arg>//androidx.recyclerview.widget.RecyclerView[@resource-id="org.gtv.app:id/feed_list"]/android.view.ViewGroup[${index}]/*</arg>
<doc>Returns number of elements matching ``xpath``</doc>
<msg timestamp="20220131 21:44:30.169" level="TRACE">Arguments: [ '//androidx.recyclerview.widget.RecyclerView[@resource-id="org.gtv.app:id/feed_list"]/android.view.ViewGroup[2]/*' ]</msg>
<msg timestamp="20220131 21:44:30.169" level="DEBUG">POST http://localhost:7777/wd/hub/session/e3b9d9a9-db84-476f-86b4-506b7123c4bd/elements {"using": "xpath", "value": "//androidx.recyclerview.widget.RecyclerView[@resource-id=\"org.gtv.app:id/feed_list\"]/android.view.ViewGroup[2]/*"}</msg>
<msg timestamp="20220131 21:44:30.412" level="DEBUG">http://localhost:7777 "POST /wd/hub/session/e3b9d9a9-db84-476f-86b4-506b7123c4bd/elements HTTP/1.1" 200 651</msg>
<msg timestamp="20220131 21:44:30.413" level="DEBUG">Finished Request</msg>
<msg timestamp="20220131 21:44:30.413" level="TRACE">Return: '5'</msg>
<msg timestamp="20220131 21:44:30.413" level="INFO">${count_ViewGroup_Son} = 5</msg>
<status status="PASS" starttime="20220131 21:44:30.168" endtime="20220131 21:44:30.413"/>
</kw>
<if>
<branch type="IF" condition="${count_ViewGroup_Son}==3">
<kw name="Log" library="BuiltIn">
<arg>This's Banner.</arg>
<doc>Logs the given message with the given level.</doc>
<status status="NOT RUN" starttime="20220131 21:44:30.414" endtime="20220131 21:44:30.414"/>
</kw>
<status status="NOT RUN" starttime="20220131 21:44:30.414" endtime="20220131 21:44:30.414"/>
</branch>
<status status="PASS" starttime="20220131 21:44:30.413" endtime="20220131 21:44:30.414"/>
</if>
<if>
<branch type="IF" condition="${count_ViewGroup_Son}==5">
<kw name="Get Matching Xpath Count" library="AppiumLibrary">
<var>${count}</var>
<arg>//androidx.recyclerview.widget.RecyclerView[@resource-id="org.gtv.app:id/feed_list"]/android.view.ViewGroup[${index}]/*[1]/*</arg>
<doc>Returns number of elements matching ``xpath``</doc>
<msg timestamp="20220131 21:44:30.416" level="TRACE">Arguments: [ '//androidx.recyclerview.widget.RecyclerView[@resource-id="org.gtv.app:id/feed_list"]/android.view.ViewGroup[2]/*[1]/*' ]</msg>
<msg timestamp="20220131 21:44:30.416" level="DEBUG">POST http://localhost:7777/wd/hub/session/e3b9d9a9-db84-476f-86b4-506b7123c4bd/elements {"using": "xpath", "value": "//androidx.recyclerview.widget.RecyclerView[@resource-id=\"org.gtv.app:id/feed_list\"]/android.view.ViewGroup[2]/*[1]/*"}</msg>
<msg timestamp="20220131 21:44:30.663" level="DEBUG">http://localhost:7777 "POST /wd/hub/session/e3b9d9a9-db84-476f-86b4-506b7123c4bd/elements HTTP/1.1" 200 139</msg>
<msg timestamp="20220131 21:44:30.664" level="DEBUG">Finished Request</msg>
<msg timestamp="20220131 21:44:30.664" level="TRACE">Return: '1'</msg>
<msg timestamp="20220131 21:44:30.664" level="INFO">${count} = 1</msg>
<status status="PASS" starttime="20220131 21:44:30.415" endtime="20220131 21:44:30.664"/>
</kw>
<if>
<branch type="IF" condition="${count}==1">
<kw name="Log" library="BuiltIn">
<arg>This's VideoPlayback.</arg>
<doc>Logs the given message with the given level.</doc>
<msg timestamp="20220131 21:44:30.665" level="TRACE">Arguments: [ "This's VideoPlayback." ]</msg>
<msg timestamp="20220131 21:44:30.665" level="INFO">This's VideoPlayback.</msg>
<msg timestamp="20220131 21:44:30.665" level="TRACE">Return: None</msg>
<status status="PASS" starttime="20220131 21:44:30.665" endtime="20220131 21:44:30.665"/>
</kw>
<kw name="Parse VideoPlayback" library="resource">
<arg>//androidx.recyclerview.widget.RecyclerView[@resource-id="org.gtv.app:id/feed_list"]/android.view.ViewGroup[${index}]</arg>
<msg timestamp="20220131 21:44:30.666" level="TRACE">Arguments: [ ${xml}='//androidx.recyclerview.widget.RecyclerView[@resource-id="org.gtv.app:id/feed_list"]/android.view.ViewGroup[2]' ]</msg>
<kw name="Get Text" library="AppiumLibrary">
<var>${title}</var>
<arg>${xml}//android.widget.TextView[@resource-id="org.gtv.app:id/title"]</arg>
<doc>Get element text (for hybrid and mobile browser use `xpath` locator, others might cause problem)</doc>
<msg timestamp="20220131 21:44:30.667" level="TRACE">Arguments: [ '//androidx.recyclerview.widget.RecyclerView[@resource-id="org.gtv.app:id/feed_list"]/android.view.ViewGroup[2]//android.widget.TextView[@resource-id="org.gtv.app:id/title"]' ]</msg>
<msg timestamp="20220131 21:44:30.668" level="DEBUG">POST http://localhost:7777/wd/hub/session/e3b9d9a9-db84-476f-86b4-506b7123c4bd/elements {"using": "xpath", "value": "//androidx.recyclerview.widget.RecyclerView[@resource-id=\"org.gtv.app:id/feed_list\"]/android.view.ViewGroup[2]//android.widget.TextView[@resource-id=\"org.gtv.app:id/title\"]"}</msg>
<msg timestamp="20220131 21:44:31.458" level="DEBUG">http://localhost:7777 "POST /wd/hub/session/e3b9d9a9-db84-476f-86b4-506b7123c4bd/elements HTTP/1.1" 200 139</msg>
<msg timestamp="20220131 21:44:31.459" level="DEBUG">Finished Request</msg>
<msg timestamp="20220131 21:44:31.459" level="DEBUG">GET http://localhost:7777/wd/hub/session/e3b9d9a9-db84-476f-86b4-506b7123c4bd/element/00000000-0000-19a1-ffff-ffff000000e5/text {"id": "00000000-0000-19a1-ffff-ffff000000e5"}</msg>
<msg timestamp="20220131 21:44:31.483" level="DEBUG">http://localhost:7777 "GET /wd/hub/session/e3b9d9a9-db84-476f-86b4-506b7123c4bd/element/00000000-0000-19a1-ffff-ffff000000e5/text HTTP/1.1" 200 72</msg>
<msg timestamp="20220131 21:44:31.484" level="DEBUG">Finished Request</msg>
<msg timestamp="20220131 21:44:31.490" level="INFO">Element '//androidx.recyclerview.widget.RecyclerView[@resource-id="org.gtv.app:id/feed_list"]/android.view.ViewGroup[2]//android.widget.TextView[@resource-id="org.gtv.app:id/title"]' text is 'food test' </msg>
<msg timestamp="20220131 21:44:31.490" level="TRACE">Return: 'food test'</msg>
<msg timestamp="20220131 21:44:31.490" level="INFO">${title} = food test</msg>
<status status="PASS" starttime="20220131 21:44:30.667" endtime="20220131 21:44:31.490"/>
</kw>
<kw name="Get Text" library="AppiumLibrary">
<var>${nickname}</var>
<arg>${xml}//android.widget.TextView[@resource-id="org.gtv.app:id/nickname"]</arg>
<doc>Get element text (for hybrid and mobile browser use `xpath` locator, others might cause problem)</doc>
<msg timestamp="20220131 21:44:31.491" level="TRACE">Arguments: [ '//androidx.recyclerview.widget.RecyclerView[@resource-id="org.gtv.app:id/feed_list"]/android.view.ViewGroup[2]//android.widget.TextView[@resource-id="org.gtv.app:id/nickname"]' ]</msg>
<msg timestamp="20220131 21:44:31.491" level="DEBUG">POST http://localhost:7777/wd/hub/session/e3b9d9a9-db84-476f-86b4-506b7123c4bd/elements {"using": "xpath", "value": "//androidx.recyclerview.widget.RecyclerView[@resource-id=\"org.gtv.app:id/feed_list\"]/android.view.ViewGroup[2]//android.widget.TextView[@resource-id=\"org.gtv.app:id/nickname\"]"}</msg>
<msg timestamp="20220131 21:44:31.704" level="DEBUG">http://localhost:7777 "POST /wd/hub/session/e3b9d9a9-db84-476f-86b4-506b7123c4bd/elements HTTP/1.1" 200 139</msg>
<msg timestamp="20220131 21:44:31.704" level="DEBUG">Finished Request</msg>
<msg timestamp="20220131 21:44:31.705" level="DEBUG">GET http://localhost:7777/wd/hub/session/e3b9d9a9-db84-476f-86b4-506b7123c4bd/element/00000000-0000-19a1-ffff-ffff000000ef/text {"id": "00000000-0000-19a1-ffff-ffff000000ef"}</msg>
<msg timestamp="20220131 21:44:31.732" level="DEBUG">http://localhost:7777 "GET /wd/hub/session/e3b9d9a9-db84-476f-86b4-506b7123c4bd/element/00000000-0000-19a1-ffff-ffff000000ef/text HTTP/1.1" 200 73</msg>
<msg timestamp="20220131 21:44:31.732" level="DEBUG">Finished Request</msg>
<msg timestamp="20220131 21:44:31.738" level="INFO">Element '//androidx.recyclerview.widget.RecyclerView[@resource-id="org.gtv.app:id/feed_list"]/android.view.ViewGroup[2]//android.widget.TextView[@resource-id="org.gtv.app:id/nickname"]' text is 'gtvtest001' </msg>
<msg timestamp="20220131 21:44:31.738" level="TRACE">Return: 'gtvtest001'</msg>
<msg timestamp="20220131 21:44:31.738" level="INFO">${nickname} = gtvtest001</msg>
<status status="PASS" starttime="20220131 21:44:31.490" endtime="20220131 21:44:31.738"/>
</kw>
<kw name="Get Text" library="AppiumLibrary">
<var>${desc}</var>
<arg>${xml}//android.widget.TextView[@resource-id="org.gtv.app:id/desc"]</arg>
<doc>Get element text (for hybrid and mobile browser use `xpath` locator, others might cause problem)</doc>
<msg timestamp="20220131 21:44:31.739" level="TRACE">Arguments: [ '//androidx.recyclerview.widget.RecyclerView[@resource-id="org.gtv.app:id/feed_list"]/android.view.ViewGroup[2]//android.widget.TextView[@resource-id="org.gtv.app:id/desc"]' ]</msg>
<msg timestamp="20220131 21:44:31.740" level="DEBUG">POST http://localhost:7777/wd/hub/session/e3b9d9a9-db84-476f-86b4-506b7123c4bd/elements {"using": "xpath", "value": "//androidx.recyclerview.widget.RecyclerView[@resource-id=\"org.gtv.app:id/feed_list\"]/android.view.ViewGroup[2]//android.widget.TextView[@resource-id=\"org.gtv.app:id/desc\"]"}</msg>
<msg timestamp="20220131 21:44:31.944" level="DEBUG">http://localhost:7777 "POST /wd/hub/session/e3b9d9a9-db84-476f-86b4-506b7123c4bd/elements HTTP/1.1" 200 139</msg>
<msg timestamp="20220131 21:44:31.945" level="DEBUG">Finished Request</msg>
<msg timestamp="20220131 21:44:31.945" level="DEBUG">GET http://localhost:7777/wd/hub/session/e3b9d9a9-db84-476f-86b4-506b7123c4bd/element/00000000-0000-19a1-ffff-ffff000000f0/text {"id": "00000000-0000-19a1-ffff-ffff000000f0"}</msg>
<msg timestamp="20220131 21:44:31.969" level="DEBUG">http://localhost:7777 "GET /wd/hub/session/e3b9d9a9-db84-476f-86b4-506b7123c4bd/element/00000000-0000-19a1-ffff-ffff000000f0/text HTTP/1.1" 200 88</msg>
<msg timestamp="20220131 21:44:31.970" level="DEBUG">Finished Request</msg>
<msg timestamp="20220131 21:44:31.976" level="INFO">Element '//androidx.recyclerview.widget.RecyclerView[@resource-id="org.gtv.app:id/feed_list"]/android.view.ViewGroup[2]//android.widget.TextView[@resource-id="org.gtv.app:id/desc"]' text is ' · 66 views · 1 day ago' </msg>
<msg timestamp="20220131 21:44:31.976" level="TRACE">Return: ' · 66 views · 1 day ago'</msg>
<msg timestamp="20220131 21:44:31.976" level="INFO">${desc} =  · 66 views · 1 day ago</msg>
<status status="PASS" starttime="20220131 21:44:31.739" endtime="20220131 21:44:31.976"/>
</kw>
<kw name="Log" library="BuiltIn">
<arg>${title}, ${nickname}, ${desc}</arg>
<doc>Logs the given message with the given level.</doc>
<msg timestamp="20220131 21:44:31.977" level="TRACE">Arguments: [ 'food test, gtvtest001,  · 66 views · 1 day ago' ]</msg>
<msg timestamp="20220131 21:44:31.977" level="INFO">food test, gtvtest001,  · 66 views · 1 day ago</msg>
<msg timestamp="20220131 21:44:31.977" level="TRACE">Return: None</msg>
<status status="PASS" starttime="20220131 21:44:31.976" endtime="20220131 21:44:31.977"/>
</kw>
<msg timestamp="20220131 21:44:31.978" level="TRACE">Return: None</msg>
<status status="PASS" starttime="20220131 21:44:30.666" endtime="20220131 21:44:31.978"/>
</kw>
<status status="PASS" starttime="20220131 21:44:30.665" endtime="20220131 21:44:31.978"/>
</branch>
<status status="PASS" starttime="20220131 21:44:30.664" endtime="20220131 21:44:31.978"/>
</if>
<if>
<branch type="IF" condition="${count}==2">
<kw name="Log" library="BuiltIn">
<arg>This's Live.</arg>
<doc>Logs the given message with the given level.</doc>
<status status="NOT RUN" starttime="20220131 21:44:31.979" endtime="20220131 21:44:31.979"/>
</kw>
<kw name="Parse Live" library="resource">
<arg>//androidx.recyclerview.widget.RecyclerView[@resource-id="org.gtv.app:id/feed_list"]/android.view.ViewGroup[${index}]</arg>
<status status="NOT RUN" starttime="20220131 21:44:31.979" endtime="20220131 21:44:31.979"/>
</kw>
<status status="NOT RUN" starttime="20220131 21:44:31.978" endtime="20220131 21:44:31.979"/>
</branch>
<status status="PASS" starttime="20220131 21:44:31.978" endtime="20220131 21:44:31.979"/>
</if>
<status status="PASS" starttime="20220131 21:44:30.415" endtime="20220131 21:44:31.979"/>
</branch>
<status status="PASS" starttime="20220131 21:44:30.415" endtime="20220131 21:44:31.979"/>
</if>
<if>
<branch type="IF" condition="${count_ViewGroup_Son}==6">
<kw name="Log" library="BuiltIn">
<arg>This is Upcoming.</arg>
<doc>Logs the given message with the given level.</doc>
<status status="NOT RUN" starttime="20220131 21:44:31.980" endtime="20220131 21:44:31.980"/>
</kw>
<kw name="Parse UpComing" library="resource">
<arg>//androidx.recyclerview.widget.RecyclerView[@resource-id="org.gtv.app:id/feed_list"]/android.view.ViewGroup[${index}]</arg>
<status status="NOT RUN" starttime="20220131 21:44:31.980" endtime="20220131 21:44:31.981"/>
</kw>
<status status="NOT RUN" starttime="20220131 21:44:31.980" endtime="20220131 21:44:31.981"/>
</branch>
<status status="PASS" starttime="20220131 21:44:31.980" endtime="20220131 21:44:31.981"/>
</if>
<status status="PASS" starttime="20220131 21:44:30.168" endtime="20220131 21:44:31.981"/>
</iter>
<status status="PASS" starttime="20220131 21:44:29.761" endtime="20220131 21:44:31.981"/>
</for>
<msg timestamp="20220131 21:44:31.981" level="TRACE">Return: None</msg>
<status status="PASS" starttime="20220131 21:44:29.401" endtime="20220131 21:44:31.981"/>
</kw>
<kw name="Capture Page Screenshot" library="AppiumLibrary">
<arg>HomePage.png</arg>
<doc>Takes a screenshot of the current page and embeds it into the log.</doc>
<msg timestamp="20220131 21:44:31.982" level="TRACE">Arguments: [ 'HomePage.png' ]</msg>
<msg timestamp="20220131 21:44:31.985" level="DEBUG">GET http://localhost:7777/wd/hub/session/e3b9d9a9-db84-476f-86b4-506b7123c4bd/screenshot {}</msg>
<msg timestamp="20220131 21:44:33.789" level="DEBUG">http://localhost:7777 "GET /wd/hub/session/e3b9d9a9-db84-476f-86b4-506b7123c4bd/screenshot HTTP/1.1" 200 1830444</msg>
<msg timestamp="20220131 21:44:33.822" level="DEBUG">Finished Request</msg>
<msg timestamp="20220131 21:44:33.837" level="INFO" html="true">&lt;/td&gt;&lt;/tr&gt;&lt;tr&gt;&lt;td colspan="3"&gt;&lt;a href="HomePage.png"&gt;&lt;img src="HomePage.png" width="800px"&gt;&lt;/a&gt;</msg>
<msg timestamp="20220131 21:44:33.837" level="TRACE">Return: 'C:\\pythonProject\\GTV_Test\\Output\\HomePage.png'</msg>
<status status="PASS" starttime="20220131 21:44:31.982" endtime="20220131 21:44:33.837"/>
</kw>
<status status="PASS" starttime="20220131 21:44:26.240" endtime="20220131 21:44:33.838"/>
</test>
<test id="s1-t4" name="4 Navigate To Newest Check The First Video info">
<kw name="Navigate To Newest Check The First Video info" library="resource">
<msg timestamp="20220131 21:44:33.841" level="TRACE">Arguments: [  ]</msg>
<kw name="Wait Until Page Contains Element" library="AppiumLibrary">
<arg>${Main_Newest_Tab}</arg>
<doc>Waits until element specified with `locator` appears on current page.</doc>
<msg timestamp="20220131 21:44:33.842" level="TRACE">Arguments: [ '//android.widget.TextView[@text="Newest"]' ]</msg>
<msg timestamp="20220131 21:44:33.843" level="DEBUG">POST http://localhost:7777/wd/hub/session/e3b9d9a9-db84-476f-86b4-506b7123c4bd/elements {"using": "xpath", "value": "//android.widget.TextView[@text=\"Newest\"]"}</msg>
<msg timestamp="20220131 21:44:34.028" level="DEBUG">http://localhost:7777 "POST /wd/hub/session/e3b9d9a9-db84-476f-86b4-506b7123c4bd/elements HTTP/1.1" 200 139</msg>
<msg timestamp="20220131 21:44:34.029" level="DEBUG">Finished Request</msg>
<msg timestamp="20220131 21:44:34.029" level="TRACE">Return: None</msg>
<status status="PASS" starttime="20220131 21:44:33.842" endtime="20220131 21:44:34.029"/>
</kw>
<kw name="Click Element" library="AppiumLibrary">
<arg>${Main_Newest_Tab}</arg>
<doc>Click element identified by `locator`.</doc>
<msg timestamp="20220131 21:44:34.030" level="TRACE">Arguments: [ '//android.widget.TextView[@text="Newest"]' ]</msg>
<msg timestamp="20220131 21:44:34.035" level="INFO">Clicking element '//android.widget.TextView[@text="Newest"]'.</msg>
<msg timestamp="20220131 21:44:34.035" level="DEBUG">POST http://localhost:7777/wd/hub/session/e3b9d9a9-db84-476f-86b4-506b7123c4bd/elements {"using": "xpath", "value": "//android.widget.TextView[@text=\"Newest\"]"}</msg>
<msg timestamp="20220131 21:44:34.289" level="DEBUG">http://localhost:7777 "POST /wd/hub/session/e3b9d9a9-db84-476f-86b4-506b7123c4bd/elements HTTP/1.1" 200 139</msg>
<msg timestamp="20220131 21:44:34.290" level="DEBUG">Finished Request</msg>
<msg timestamp="20220131 21:44:34.291" level="DEBUG">POST http://localhost:7777/wd/hub/session/e3b9d9a9-db84-476f-86b4-506b7123c4bd/element/00000000-0000-19a1-ffff-ffff000000da/click {"id": "00000000-0000-19a1-ffff-ffff000000da"}</msg>
<msg timestamp="20220131 21:44:34.329" level="DEBUG">http://localhost:7777 "POST /wd/hub/session/e3b9d9a9-db84-476f-86b4-506b7123c4bd/element/00000000-0000-19a1-ffff-ffff000000da/click HTTP/1.1" 200 14</msg>
<msg timestamp="20220131 21:44:34.330" level="DEBUG">Finished Request</msg>
<msg timestamp="20220131 21:44:34.330" level="TRACE">Return: None</msg>
<status status="PASS" starttime="20220131 21:44:34.029" endtime="20220131 21:44:34.330"/>
</kw>
<kw name="Wait Until Page Contains Element" library="AppiumLibrary">
<arg>${Playback_first_video}</arg>
<doc>Waits until element specified with `locator` appears on current page.</doc>
<msg timestamp="20220131 21:44:34.331" level="TRACE">Arguments: [ '//androidx.recyclerview.widget.RecyclerView[@resource-id="org.gtv.app:id/feed_list"]/android.view.ViewGroup[1]' ]</msg>
<msg timestamp="20220131 21:44:34.331" level="DEBUG">POST http://localhost:7777/wd/hub/session/e3b9d9a9-db84-476f-86b4-506b7123c4bd/elements {"using": "xpath", "value": "//androidx.recyclerview.widget.RecyclerView[@resource-id=\"org.gtv.app:id/feed_list\"]/android.view.ViewGroup[1]"}</msg>
<msg timestamp="20220131 21:44:35.241" level="DEBUG">http://localhost:7777 "POST /wd/hub/session/e3b9d9a9-db84-476f-86b4-506b7123c4bd/elements HTTP/1.1" 200 12</msg>
<msg timestamp="20220131 21:44:35.242" level="DEBUG">Finished Request</msg>
<msg timestamp="20220131 21:44:35.442" level="DEBUG">POST http://localhost:7777/wd/hub/session/e3b9d9a9-db84-476f-86b4-506b7123c4bd/elements {"using": "xpath", "value": "//androidx.recyclerview.widget.RecyclerView[@resource-id=\"org.gtv.app:id/feed_list\"]/android.view.ViewGroup[1]"}</msg>
<msg timestamp="20220131 21:44:35.649" level="DEBUG">http://localhost:7777 "POST /wd/hub/session/e3b9d9a9-db84-476f-86b4-506b7123c4bd/elements HTTP/1.1" 200 12</msg>
<msg timestamp="20220131 21:44:35.650" level="DEBUG">Finished Request</msg>
<msg timestamp="20220131 21:44:35.850" level="DEBUG">POST http://localhost:7777/wd/hub/session/e3b9d9a9-db84-476f-86b4-506b7123c4bd/elements {"using": "xpath", "value": "//androidx.recyclerview.widget.RecyclerView[@resource-id=\"org.gtv.app:id/feed_list\"]/android.view.ViewGroup[1]"}</msg>
<msg timestamp="20220131 21:44:36.023" level="DEBUG">http://localhost:7777 "POST /wd/hub/session/e3b9d9a9-db84-476f-86b4-506b7123c4bd/elements HTTP/1.1" 200 12</msg>
<msg timestamp="20220131 21:44:36.023" level="DEBUG">Finished Request</msg>
<msg timestamp="20220131 21:44:36.223" level="DEBUG">POST http://localhost:7777/wd/hub/session/e3b9d9a9-db84-476f-86b4-506b7123c4bd/elements {"using": "xpath", "value": "//androidx.recyclerview.widget.RecyclerView[@resource-id=\"org.gtv.app:id/feed_list\"]/android.view.ViewGroup[1]"}</msg>
<msg timestamp="20220131 21:44:36.413" level="DEBUG">http://localhost:7777 "POST /wd/hub/session/e3b9d9a9-db84-476f-86b4-506b7123c4bd/elements HTTP/1.1" 200 12</msg>
<msg timestamp="20220131 21:44:36.413" level="DEBUG">Finished Request</msg>
<msg timestamp="20220131 21:44:36.614" level="DEBUG">POST http://localhost:7777/wd/hub/session/e3b9d9a9-db84-476f-86b4-506b7123c4bd/elements {"using": "xpath", "value": "//androidx.recyclerview.widget.RecyclerView[@resource-id=\"org.gtv.app:id/feed_list\"]/android.view.ViewGroup[1]"}</msg>
<msg timestamp="20220131 21:44:37.011" level="DEBUG">http://localhost:7777 "POST /wd/hub/session/e3b9d9a9-db84-476f-86b4-506b7123c4bd/elements HTTP/1.1" 200 139</msg>
<msg timestamp="20220131 21:44:37.011" level="DEBUG">Finished Request</msg>
<msg timestamp="20220131 21:44:37.012" level="TRACE">Return: None</msg>
<status status="PASS" starttime="20220131 21:44:34.330" endtime="20220131 21:44:37.012"/>
</kw>
<kw name="Return Parse VideoPlayback" library="resource">
<var>${result_Newest}</var>
<arg>${Playback_first_video}</arg>
<msg timestamp="20220131 21:44:37.013" level="TRACE">Arguments: [ ${xml}='//androidx.recyclerview.widget.RecyclerView[@resource-id="org.gtv.app:id/feed_list"]/android.view.ViewGroup[1]' ]</msg>
<kw name="Get Text" library="AppiumLibrary">
<var>${title}</var>
<arg>${xml}//android.widget.TextView[@resource-id="org.gtv.app:id/title"]</arg>
<doc>Get element text (for hybrid and mobile browser use `xpath` locator, others might cause problem)</doc>
<msg timestamp="20220131 21:44:37.014" level="TRACE">Arguments: [ '//androidx.recyclerview.widget.RecyclerView[@resource-id="org.gtv.app:id/feed_list"]/android.view.ViewGroup[1]//android.widget.TextView[@resource-id="org.gtv.app:id/title"]' ]</msg>
<msg timestamp="20220131 21:44:37.014" level="DEBUG">POST http://localhost:7777/wd/hub/session/e3b9d9a9-db84-476f-86b4-506b7123c4bd/elements {"using": "xpath", "value": "//androidx.recyclerview.widget.RecyclerView[@resource-id=\"org.gtv.app:id/feed_list\"]/android.view.ViewGroup[1]//android.widget.TextView[@resource-id=\"org.gtv.app:id/title\"]"}</msg>
<msg timestamp="20220131 21:44:37.610" level="DEBUG">http://localhost:7777 "POST /wd/hub/session/e3b9d9a9-db84-476f-86b4-506b7123c4bd/elements HTTP/1.1" 200 139</msg>
<msg timestamp="20220131 21:44:37.610" level="DEBUG">Finished Request</msg>
<msg timestamp="20220131 21:44:37.610" level="DEBUG">GET http://localhost:7777/wd/hub/session/e3b9d9a9-db84-476f-86b4-506b7123c4bd/element/00000000-0000-19a1-ffff-ffff000000ea/text {"id": "00000000-0000-19a1-ffff-ffff000000ea"}</msg>
<msg timestamp="20220131 21:44:37.639" level="DEBUG">http://localhost:7777 "GET /wd/hub/session/e3b9d9a9-db84-476f-86b4-506b7123c4bd/element/00000000-0000-19a1-ffff-ffff000000ea/text HTTP/1.1" 200 65</msg>
<msg timestamp="20220131 21:44:37.640" level="DEBUG">Finished Request</msg>
<msg timestamp="20220131 21:44:37.645" level="INFO">Element '//androidx.recyclerview.widget.RecyclerView[@resource-id="org.gtv.app:id/feed_list"]/android.view.ViewGroup[1]//android.widget.TextView[@resource-id="org.gtv.app:id/title"]' text is 'tg' </msg>
<msg timestamp="20220131 21:44:37.645" level="TRACE">Return: 'tg'</msg>
<msg timestamp="20220131 21:44:37.645" level="INFO">${title} = tg</msg>
<status status="PASS" starttime="20220131 21:44:37.013" endtime="20220131 21:44:37.646"/>
</kw>
<kw name="Get Text" library="AppiumLibrary">
<var>${nickname}</var>
<arg>${xml}//android.widget.TextView[@resource-id="org.gtv.app:id/nickname"]</arg>
<doc>Get element text (for hybrid and mobile browser use `xpath` locator, others might cause problem)</doc>
<msg timestamp="20220131 21:44:37.646" level="TRACE">Arguments: [ '//androidx.recyclerview.widget.RecyclerView[@resource-id="org.gtv.app:id/feed_list"]/android.view.ViewGroup[1]//android.widget.TextView[@resource-id="org.gtv.app:id/nickname"]' ]</msg>
<msg timestamp="20220131 21:44:37.647" level="DEBUG">POST http://localhost:7777/wd/hub/session/e3b9d9a9-db84-476f-86b4-506b7123c4bd/elements {"using": "xpath", "value": "//androidx.recyclerview.widget.RecyclerView[@resource-id=\"org.gtv.app:id/feed_list\"]/android.view.ViewGroup[1]//android.widget.TextView[@resource-id=\"org.gtv.app:id/nickname\"]"}</msg>
<msg timestamp="20220131 21:44:37.888" level="DEBUG">http://localhost:7777 "POST /wd/hub/session/e3b9d9a9-db84-476f-86b4-506b7123c4bd/elements HTTP/1.1" 200 139</msg>
<msg timestamp="20220131 21:44:37.888" level="DEBUG">Finished Request</msg>
<msg timestamp="20220131 21:44:37.889" level="DEBUG">GET http://localhost:7777/wd/hub/session/e3b9d9a9-db84-476f-86b4-506b7123c4bd/element/00000000-0000-19a1-ffff-ffff00000102/text {"id": "00000000-0000-19a1-ffff-ffff00000102"}</msg>
<msg timestamp="20220131 21:44:37.919" level="DEBUG">http://localhost:7777 "GET /wd/hub/session/e3b9d9a9-db84-476f-86b4-506b7123c4bd/element/00000000-0000-19a1-ffff-ffff00000102/text HTTP/1.1" 200 77</msg>
<msg timestamp="20220131 21:44:37.919" level="DEBUG">Finished Request</msg>
<msg timestamp="20220131 21:44:37.925" level="INFO">Element '//androidx.recyclerview.widget.RecyclerView[@resource-id="org.gtv.app:id/feed_list"]/android.view.ViewGroup[1]//android.widget.TextView[@resource-id="org.gtv.app:id/nickname"]' text is 'Test landscape' </msg>
<msg timestamp="20220131 21:44:37.925" level="TRACE">Return: 'Test landscape'</msg>
<msg timestamp="20220131 21:44:37.925" level="INFO">${nickname} = Test landscape</msg>
<status status="PASS" starttime="20220131 21:44:37.646" endtime="20220131 21:44:37.925"/>
</kw>
<kw name="Get Text" library="AppiumLibrary">
<var>${desc}</var>
<arg>${xml}//android.widget.TextView[@resource-id="org.gtv.app:id/desc"]</arg>
<doc>Get element text (for hybrid and mobile browser use `xpath` locator, others might cause problem)</doc>
<msg timestamp="20220131 21:44:37.926" level="TRACE">Arguments: [ '//androidx.recyclerview.widget.RecyclerView[@resource-id="org.gtv.app:id/feed_list"]/android.view.ViewGroup[1]//android.widget.TextView[@resource-id="org.gtv.app:id/desc"]' ]</msg>
<msg timestamp="20220131 21:44:37.927" level="DEBUG">POST http://localhost:7777/wd/hub/session/e3b9d9a9-db84-476f-86b4-506b7123c4bd/elements {"using": "xpath", "value": "//androidx.recyclerview.widget.RecyclerView[@resource-id=\"org.gtv.app:id/feed_list\"]/android.view.ViewGroup[1]//android.widget.TextView[@resource-id=\"org.gtv.app:id/desc\"]"}</msg>
<msg timestamp="20220131 21:44:38.143" level="DEBUG">http://localhost:7777 "POST /wd/hub/session/e3b9d9a9-db84-476f-86b4-506b7123c4bd/elements HTTP/1.1" 200 139</msg>
<msg timestamp="20220131 21:44:38.144" level="DEBUG">Finished Request</msg>
<msg timestamp="20220131 21:44:38.144" level="DEBUG">GET http://localhost:7777/wd/hub/session/e3b9d9a9-db84-476f-86b4-506b7123c4bd/element/00000000-0000-19a1-ffff-ffff00000103/text {"id": "00000000-0000-19a1-ffff-ffff00000103"}</msg>
<msg timestamp="20220131 21:44:38.207" level="DEBUG">http://localhost:7777 "GET /wd/hub/session/e3b9d9a9-db84-476f-86b4-506b7123c4bd/element/00000000-0000-19a1-ffff-ffff00000103/text HTTP/1.1" 200 88</msg>
<msg timestamp="20220131 21:44:38.208" level="DEBUG">Finished Request</msg>
<msg timestamp="20220131 21:44:38.213" level="INFO">Element '//androidx.recyclerview.widget.RecyclerView[@resource-id="org.gtv.app:id/feed_list"]/android.view.ViewGroup[1]//android.widget.TextView[@resource-id="org.gtv.app:id/desc"]' text is ' · 0 views · 1 hour ago' </msg>
<msg timestamp="20220131 21:44:38.214" level="TRACE">Return: ' · 0 views · 1 hour ago'</msg>
<msg timestamp="20220131 21:44:38.214" level="INFO">${desc} =  · 0 views · 1 hour ago</msg>
<status status="PASS" starttime="20220131 21:44:37.926" endtime="20220131 21:44:38.214"/>
</kw>
<kw name="Create List" library="BuiltIn">
<var>@{list}</var>
<arg>${title}</arg>
<arg>${nickname}</arg>
<arg>${desc}</arg>
<doc>Returns a list containing given items.</doc>
<msg timestamp="20220131 21:44:38.215" level="TRACE">Arguments: [ 'tg' | 'Test landscape' | ' · 0 views · 1 hour ago' ]</msg>
<msg timestamp="20220131 21:44:38.215" level="TRACE">Return: ['tg', 'Test landscape', ' · 0 views · 1 hour ago']</msg>
<msg timestamp="20220131 21:44:38.215" level="INFO">@{list} = [ tg | Test landscape |  · 0 views · 1 hour ago ]</msg>
<status status="PASS" starttime="20220131 21:44:38.214" endtime="20220131 21:44:38.215"/>
</kw>
<msg timestamp="20220131 21:44:38.216" level="TRACE">Return: ['tg', 'Test landscape', ' · 0 views · 1 hour ago']</msg>
<msg timestamp="20220131 21:44:38.216" level="INFO">${result_Newest} = ['tg', 'Test landscape', ' · 0 views · 1 hour ago']</msg>
<status status="PASS" starttime="20220131 21:44:37.012" endtime="20220131 21:44:38.216"/>
</kw>
<kw name="Click Element" library="AppiumLibrary">
<arg>${Playback_first_video}</arg>
<doc>Click element identified by `locator`.</doc>
<msg timestamp="20220131 21:44:38.216" level="TRACE">Arguments: [ '//androidx.recyclerview.widget.RecyclerView[@resource-id="org.gtv.app:id/feed_list"]/android.view.ViewGroup[1]' ]</msg>
<msg timestamp="20220131 21:44:38.224" level="INFO">Clicking element '//androidx.recyclerview.widget.RecyclerView[@resource-id="org.gtv.app:id/feed_list"]/android.view.ViewGroup[1]'.</msg>
<msg timestamp="20220131 21:44:38.224" level="DEBUG">POST http://localhost:7777/wd/hub/session/e3b9d9a9-db84-476f-86b4-506b7123c4bd/elements {"using": "xpath", "value": "//androidx.recyclerview.widget.RecyclerView[@resource-id=\"org.gtv.app:id/feed_list\"]/android.view.ViewGroup[1]"}</msg>
<msg timestamp="20220131 21:44:38.515" level="DEBUG">http://localhost:7777 "POST /wd/hub/session/e3b9d9a9-db84-476f-86b4-506b7123c4bd/elements HTTP/1.1" 200 139</msg>
<msg timestamp="20220131 21:44:38.515" level="DEBUG">Finished Request</msg>
<msg timestamp="20220131 21:44:38.516" level="DEBUG">POST http://localhost:7777/wd/hub/session/e3b9d9a9-db84-476f-86b4-506b7123c4bd/element/00000000-0000-19a1-ffff-ffff000000df/click {"id": "00000000-0000-19a1-ffff-ffff000000df"}</msg>
<msg timestamp="20220131 21:44:38.556" level="DEBUG">http://localhost:7777 "POST /wd/hub/session/e3b9d9a9-db84-476f-86b4-506b7123c4bd/element/00000000-0000-19a1-ffff-ffff000000df/click HTTP/1.1" 200 14</msg>
<msg timestamp="20220131 21:44:38.557" level="DEBUG">Finished Request</msg>
<msg timestamp="20220131 21:44:38.557" level="TRACE">Return: None</msg>
<status status="PASS" starttime="20220131 21:44:38.216" endtime="20220131 21:44:38.557"/>
</kw>
<kw name="Wait Until Page Contains Element" library="AppiumLibrary">
<arg>${Video_Like_Button}</arg>
<doc>Waits until element specified with `locator` appears on current page.</doc>
<msg timestamp="20220131 21:44:38.558" level="TRACE">Arguments: [ 'org.gtv.app:id/video_like' ]</msg>
<msg timestamp="20220131 21:44:38.559" level="DEBUG">POST http://localhost:7777/wd/hub/session/e3b9d9a9-db84-476f-86b4-506b7123c4bd/elements {"using": "id", "value": "org.gtv.app:id/video_like"}</msg>
<msg timestamp="20220131 21:44:39.026" level="DEBUG">http://localhost:7777 "POST /wd/hub/session/e3b9d9a9-db84-476f-86b4-506b7123c4bd/elements HTTP/1.1" 200 12</msg>
<msg timestamp="20220131 21:44:39.026" level="DEBUG">Finished Request</msg>
<msg timestamp="20220131 21:44:39.226" level="DEBUG">POST http://localhost:7777/wd/hub/session/e3b9d9a9-db84-476f-86b4-506b7123c4bd/elements {"using": "id", "value": "org.gtv.app:id/video_like"}</msg>
<msg timestamp="20220131 21:44:39.558" level="DEBUG">http://localhost:7777 "POST /wd/hub/session/e3b9d9a9-db84-476f-86b4-506b7123c4bd/elements HTTP/1.1" 200 12</msg>
<msg timestamp="20220131 21:44:39.558" level="DEBUG">Finished Request</msg>
<msg timestamp="20220131 21:44:39.758" level="DEBUG">POST http://localhost:7777/wd/hub/session/e3b9d9a9-db84-476f-86b4-506b7123c4bd/elements {"using": "id", "value": "org.gtv.app:id/video_like"}</msg>
<msg timestamp="20220131 21:44:39.930" level="DEBUG">http://localhost:7777 "POST /wd/hub/session/e3b9d9a9-db84-476f-86b4-506b7123c4bd/elements HTTP/1.1" 200 12</msg>
<msg timestamp="20220131 21:44:39.931" level="DEBUG">Finished Request</msg>
<msg timestamp="20220131 21:44:40.131" level="DEBUG">POST http://localhost:7777/wd/hub/session/e3b9d9a9-db84-476f-86b4-506b7123c4bd/elements {"using": "id", "value": "org.gtv.app:id/video_like"}</msg>
<msg timestamp="20220131 21:44:40.315" level="DEBUG">http://localhost:7777 "POST /wd/hub/session/e3b9d9a9-db84-476f-86b4-506b7123c4bd/elements HTTP/1.1" 200 12</msg>
<msg timestamp="20220131 21:44:40.316" level="DEBUG">Finished Request</msg>
<msg timestamp="20220131 21:44:40.516" level="DEBUG">POST http://localhost:7777/wd/hub/session/e3b9d9a9-db84-476f-86b4-506b7123c4bd/elements {"using": "id", "value": "org.gtv.app:id/video_like"}</msg>
<msg timestamp="20220131 21:44:40.890" level="DEBUG">http://localhost:7777 "POST /wd/hub/session/e3b9d9a9-db84-476f-86b4-506b7123c4bd/elements HTTP/1.1" 200 139</msg>
<msg timestamp="20220131 21:44:40.891" level="DEBUG">Finished Request</msg>
<msg timestamp="20220131 21:44:40.891" level="TRACE">Return: None</msg>
<status status="PASS" starttime="20220131 21:44:38.558" endtime="20220131 21:44:40.891"/>
</kw>
<kw name="Click Element At Coordinates" library="AppiumLibrary">
<arg>100</arg>
<arg>666</arg>
<doc>click element at a certain coordinate</doc>
<msg timestamp="20220131 21:44:40.892" level="TRACE">Arguments: [ '100' | '666' ]</msg>
<msg timestamp="20220131 21:44:40.898" level="INFO">Pressing at (100, 666).</msg>
<msg timestamp="20220131 21:44:40.898" level="DEBUG">POST http://localhost:7777/wd/hub/session/e3b9d9a9-db84-476f-86b4-506b7123c4bd/touch/perform {"actions": [{"action": "press", "options": {"x": "100", "y": "666"}}, {"action": "release", "options": {}}]}</msg>
<msg timestamp="20220131 21:44:41.229" level="DEBUG">http://localhost:7777 "POST /wd/hub/session/e3b9d9a9-db84-476f-86b4-506b7123c4bd/touch/perform HTTP/1.1" 200 14</msg>
<msg timestamp="20220131 21:44:41.229" level="DEBUG">Finished Request</msg>
<msg timestamp="20220131 21:44:41.230" level="TRACE">Return: None</msg>
<status status="PASS" starttime="20220131 21:44:40.892" endtime="20220131 21:44:41.230"/>
</kw>
<kw name="Wait Until Page Contains Element" library="AppiumLibrary">
<arg>${Playback_notification}</arg>
<doc>Waits until element specified with `locator` appears on current page.</doc>
<msg timestamp="20220131 21:44:41.230" level="TRACE">Arguments: [ 'org.gtv.app:id/notification' ]</msg>
<msg timestamp="20220131 21:44:41.231" level="DEBUG">POST http://localhost:7777/wd/hub/session/e3b9d9a9-db84-476f-86b4-506b7123c4bd/elements {"using": "id", "value": "org.gtv.app:id/notification"}</msg>
<msg timestamp="20220131 21:44:41.511" level="DEBUG">http://localhost:7777 "POST /wd/hub/session/e3b9d9a9-db84-476f-86b4-506b7123c4bd/elements HTTP/1.1" 200 139</msg>
<msg timestamp="20220131 21:44:41.512" level="DEBUG">Finished Request</msg>
<msg timestamp="20220131 21:44:41.512" level="TRACE">Return: None</msg>
<status status="PASS" starttime="20220131 21:44:41.230" endtime="20220131 21:44:41.512"/>
</kw>
<kw name="Click Element" library="AppiumLibrary">
<arg>${exo_pause}</arg>
<doc>Click element identified by `locator`.</doc>
<msg timestamp="20220131 21:44:41.513" level="TRACE">Arguments: [ 'org.gtv.app:id/exo_pause' ]</msg>
<msg timestamp="20220131 21:44:41.519" level="INFO">Clicking element 'org.gtv.app:id/exo_pause'.</msg>
<msg timestamp="20220131 21:44:41.519" level="DEBUG">POST http://localhost:7777/wd/hub/session/e3b9d9a9-db84-476f-86b4-506b7123c4bd/elements {"using": "id", "value": "org.gtv.app:id/exo_pause"}</msg>
<msg timestamp="20220131 21:44:41.997" level="DEBUG">http://localhost:7777 "POST /wd/hub/session/e3b9d9a9-db84-476f-86b4-506b7123c4bd/elements HTTP/1.1" 200 139</msg>
<msg timestamp="20220131 21:44:41.997" level="DEBUG">Finished Request</msg>
<msg timestamp="20220131 21:44:41.997" level="DEBUG">POST http://localhost:7777/wd/hub/session/e3b9d9a9-db84-476f-86b4-506b7123c4bd/element/00000000-0000-19a1-ffff-ffff000001d2/click {"id": "00000000-0000-19a1-ffff-ffff000001d2"}</msg>
<msg timestamp="20220131 21:44:42.050" level="DEBUG">http://localhost:7777 "POST /wd/hub/session/e3b9d9a9-db84-476f-86b4-506b7123c4bd/element/00000000-0000-19a1-ffff-ffff000001d2/click HTTP/1.1" 200 14</msg>
<msg timestamp="20220131 21:44:42.050" level="DEBUG">Finished Request</msg>
<msg timestamp="20220131 21:44:42.050" level="TRACE">Return: None</msg>
<status status="PASS" starttime="20220131 21:44:41.512" endtime="20220131 21:44:42.050"/>
</kw>
<kw name="Return Parse VideoPlayback" library="resource">
<var>${result_Playback}</var>
<arg>${Playback_first_video}</arg>
<msg timestamp="20220131 21:44:42.051" level="TRACE">Arguments: [ ${xml}='//androidx.recyclerview.widget.RecyclerView[@resource-id="org.gtv.app:id/feed_list"]/android.view.ViewGroup[1]' ]</msg>
<kw name="Get Text" library="AppiumLibrary">
<var>${title}</var>
<arg>${xml}//android.widget.TextView[@resource-id="org.gtv.app:id/title"]</arg>
<doc>Get element text (for hybrid and mobile browser use `xpath` locator, others might cause problem)</doc>
<msg timestamp="20220131 21:44:42.052" level="TRACE">Arguments: [ '//androidx.recyclerview.widget.RecyclerView[@resource-id="org.gtv.app:id/feed_list"]/android.view.ViewGroup[1]//android.widget.TextView[@resource-id="org.gtv.app:id/title"]' ]</msg>
<msg timestamp="20220131 21:44:42.053" level="DEBUG">POST http://localhost:7777/wd/hub/session/e3b9d9a9-db84-476f-86b4-506b7123c4bd/elements {"using": "xpath", "value": "//androidx.recyclerview.widget.RecyclerView[@resource-id=\"org.gtv.app:id/feed_list\"]/android.view.ViewGroup[1]//android.widget.TextView[@resource-id=\"org.gtv.app:id/title\"]"}</msg>
<msg timestamp="20220131 21:44:42.899" level="DEBUG">http://localhost:7777 "POST /wd/hub/session/e3b9d9a9-db84-476f-86b4-506b7123c4bd/elements HTTP/1.1" 200 139</msg>
<msg timestamp="20220131 21:44:42.900" level="DEBUG">Finished Request</msg>
<msg timestamp="20220131 21:44:42.900" level="DEBUG">GET http://localhost:7777/wd/hub/session/e3b9d9a9-db84-476f-86b4-506b7123c4bd/element/00000000-0000-19a1-ffff-ffff000000ea/text {"id": "00000000-0000-19a1-ffff-ffff000000ea"}</msg>
<msg timestamp="20220131 21:44:42.928" level="DEBUG">http://localhost:7777 "GET /wd/hub/session/e3b9d9a9-db84-476f-86b4-506b7123c4bd/element/00000000-0000-19a1-ffff-ffff000000ea/text HTTP/1.1" 200 65</msg>
<msg timestamp="20220131 21:44:42.929" level="DEBUG">Finished Request</msg>
<msg timestamp="20220131 21:44:42.934" level="INFO">Element '//androidx.recyclerview.widget.RecyclerView[@resource-id="org.gtv.app:id/feed_list"]/android.view.ViewGroup[1]//android.widget.TextView[@resource-id="org.gtv.app:id/title"]' text is 'tg' </msg>
<msg timestamp="20220131 21:44:42.935" level="TRACE">Return: 'tg'</msg>
<msg timestamp="20220131 21:44:42.935" level="INFO">${title} = tg</msg>
<status status="PASS" starttime="20220131 21:44:42.052" endtime="20220131 21:44:42.935"/>
</kw>
<kw name="Get Text" library="AppiumLibrary">
<var>${nickname}</var>
<arg>${xml}//android.widget.TextView[@resource-id="org.gtv.app:id/nickname"]</arg>
<doc>Get element text (for hybrid and mobile browser use `xpath` locator, others might cause problem)</doc>
<msg timestamp="20220131 21:44:42.936" level="TRACE">Arguments: [ '//androidx.recyclerview.widget.RecyclerView[@resource-id="org.gtv.app:id/feed_list"]/android.view.ViewGroup[1]//android.widget.TextView[@resource-id="org.gtv.app:id/nickname"]' ]</msg>
<msg timestamp="20220131 21:44:42.936" level="DEBUG">POST http://localhost:7777/wd/hub/session/e3b9d9a9-db84-476f-86b4-506b7123c4bd/elements {"using": "xpath", "value": "//androidx.recyclerview.widget.RecyclerView[@resource-id=\"org.gtv.app:id/feed_list\"]/android.view.ViewGroup[1]//android.widget.TextView[@resource-id=\"org.gtv.app:id/nickname\"]"}</msg>
<msg timestamp="20220131 21:44:43.176" level="DEBUG">http://localhost:7777 "POST /wd/hub/session/e3b9d9a9-db84-476f-86b4-506b7123c4bd/elements HTTP/1.1" 200 267</msg>
<msg timestamp="20220131 21:44:43.177" level="DEBUG">Finished Request</msg>
<msg timestamp="20220131 21:44:43.178" level="DEBUG">GET http://localhost:7777/wd/hub/session/e3b9d9a9-db84-476f-86b4-506b7123c4bd/element/00000000-0000-19a1-ffff-ffff00000102/text {"id": "00000000-0000-19a1-ffff-ffff00000102"}</msg>
<msg timestamp="20220131 21:44:43.737" level="DEBUG">http://localhost:7777 "GET /wd/hub/session/e3b9d9a9-db84-476f-86b4-506b7123c4bd/element/00000000-0000-19a1-ffff-ffff00000102/text HTTP/1.1" 200 77</msg>
<msg timestamp="20220131 21:44:43.738" level="DEBUG">Finished Request</msg>
<msg timestamp="20220131 21:44:43.744" level="INFO">Element '//androidx.recyclerview.widget.RecyclerView[@resource-id="org.gtv.app:id/feed_list"]/android.view.ViewGroup[1]//android.widget.TextView[@resource-id="org.gtv.app:id/nickname"]' text is 'Test landscape' </msg>
<msg timestamp="20220131 21:44:43.744" level="TRACE">Return: 'Test landscape'</msg>
<msg timestamp="20220131 21:44:43.744" level="INFO">${nickname} = Test landscape</msg>
<status status="PASS" starttime="20220131 21:44:42.935" endtime="20220131 21:44:43.744"/>
</kw>
<kw name="Get Text" library="AppiumLibrary">
<var>${desc}</var>
<arg>${xml}//android.widget.TextView[@resource-id="org.gtv.app:id/desc"]</arg>
<doc>Get element text (for hybrid and mobile browser use `xpath` locator, others might cause problem)</doc>
<msg timestamp="20220131 21:44:43.745" level="TRACE">Arguments: [ '//androidx.recyclerview.widget.RecyclerView[@resource-id="org.gtv.app:id/feed_list"]/android.view.ViewGroup[1]//android.widget.TextView[@resource-id="org.gtv.app:id/desc"]' ]</msg>
<msg timestamp="20220131 21:44:43.745" level="DEBUG">POST http://localhost:7777/wd/hub/session/e3b9d9a9-db84-476f-86b4-506b7123c4bd/elements {"using": "xpath", "value": "//androidx.recyclerview.widget.RecyclerView[@resource-id=\"org.gtv.app:id/feed_list\"]/android.view.ViewGroup[1]//android.widget.TextView[@resource-id=\"org.gtv.app:id/desc\"]"}</msg>
<msg timestamp="20220131 21:44:43.993" level="DEBUG">http://localhost:7777 "POST /wd/hub/session/e3b9d9a9-db84-476f-86b4-506b7123c4bd/elements HTTP/1.1" 200 139</msg>
<msg timestamp="20220131 21:44:43.994" level="DEBUG">Finished Request</msg>
<msg timestamp="20220131 21:44:43.995" level="DEBUG">GET http://localhost:7777/wd/hub/session/e3b9d9a9-db84-476f-86b4-506b7123c4bd/element/00000000-0000-19a1-ffff-ffff00000103/text {"id": "00000000-0000-19a1-ffff-ffff00000103"}</msg>
<msg timestamp="20220131 21:44:44.030" level="DEBUG">http://localhost:7777 "GET /wd/hub/session/e3b9d9a9-db84-476f-86b4-506b7123c4bd/element/00000000-0000-19a1-ffff-ffff00000103/text HTTP/1.1" 200 88</msg>
<msg timestamp="20220131 21:44:44.031" level="DEBUG">Finished Request</msg>
<msg timestamp="20220131 21:44:44.037" level="INFO">Element '//androidx.recyclerview.widget.RecyclerView[@resource-id="org.gtv.app:id/feed_list"]/android.view.ViewGroup[1]//android.widget.TextView[@resource-id="org.gtv.app:id/desc"]' text is ' · 0 views · 1 hour ago' </msg>
<msg timestamp="20220131 21:44:44.037" level="TRACE">Return: ' · 0 views · 1 hour ago'</msg>
<msg timestamp="20220131 21:44:44.037" level="INFO">${desc} =  · 0 views · 1 hour ago</msg>
<status status="PASS" starttime="20220131 21:44:43.744" endtime="20220131 21:44:44.037"/>
</kw>
<kw name="Create List" library="BuiltIn">
<var>@{list}</var>
<arg>${title}</arg>
<arg>${nickname}</arg>
<arg>${desc}</arg>
<doc>Returns a list containing given items.</doc>
<msg timestamp="20220131 21:44:44.038" level="TRACE">Arguments: [ 'tg' | 'Test landscape' | ' · 0 views · 1 hour ago' ]</msg>
<msg timestamp="20220131 21:44:44.038" level="TRACE">Return: ['tg', 'Test landscape', ' · 0 views · 1 hour ago']</msg>
<msg timestamp="20220131 21:44:44.038" level="INFO">@{list} = [ tg | Test landscape |  · 0 views · 1 hour ago ]</msg>
<status status="PASS" starttime="20220131 21:44:44.038" endtime="20220131 21:44:44.039"/>
</kw>
<msg timestamp="20220131 21:44:44.039" level="TRACE">Return: ['tg', 'Test landscape', ' · 0 views · 1 hour ago']</msg>
<msg timestamp="20220131 21:44:44.039" level="INFO">${result_Playback} = ['tg', 'Test landscape', ' · 0 views · 1 hour ago']</msg>
<status status="PASS" starttime="20220131 21:44:42.051" endtime="20220131 21:44:44.039"/>
</kw>
<kw name="Lists Should Be Equal" library="Collections">
<arg>${result_Newest}</arg>
<arg>${result_Playback}</arg>
<doc>Fails if given lists are unequal.</doc>
<msg timestamp="20220131 21:44:44.040" level="TRACE">Arguments: [ ['tg', 'Test landscape', ' · 0 views · 1 hour ago'] | ['tg', 'Test landscape', ' · 0 views · 1 hour ago'] ]</msg>
<msg timestamp="20220131 21:44:44.040" level="TRACE">Return: None</msg>
<status status="PASS" starttime="20220131 21:44:44.039" endtime="20220131 21:44:44.040"/>
</kw>
<msg timestamp="20220131 21:44:44.041" level="TRACE">Return: None</msg>
<status status="PASS" starttime="20220131 21:44:33.841" endtime="20220131 21:44:44.041"/>
</kw>
<status status="PASS" starttime="20220131 21:44:33.840" endtime="20220131 21:44:44.042"/>
</test>
<test id="s1-t5" name="5 Verify The Playback Function">
<kw name="Verify The Playback Quality Function" library="resource">
<msg timestamp="20220131 21:44:44.045" level="TRACE">Arguments: [  ]</msg>
<kw name="Click Element At Coordinates" library="AppiumLibrary">
<arg>100</arg>
<arg>666</arg>
<doc>click element at a certain coordinate</doc>
<msg timestamp="20220131 21:44:44.045" level="TRACE">Arguments: [ '100' | '666' ]</msg>
<msg timestamp="20220131 21:44:44.050" level="INFO">Pressing at (100, 666).</msg>
<msg timestamp="20220131 21:44:44.051" level="DEBUG">POST http://localhost:7777/wd/hub/session/e3b9d9a9-db84-476f-86b4-506b7123c4bd/touch/perform {"actions": [{"action": "press", "options": {"x": "100", "y": "666"}}, {"action": "release", "options": {}}]}</msg>
<msg timestamp="20220131 21:44:44.809" level="DEBUG">http://localhost:7777 "POST /wd/hub/session/e3b9d9a9-db84-476f-86b4-506b7123c4bd/touch/perform HTTP/1.1" 200 14</msg>
<msg timestamp="20220131 21:44:44.810" level="DEBUG">Finished Request</msg>
<msg timestamp="20220131 21:44:44.810" level="TRACE">Return: None</msg>
<status status="PASS" starttime="20220131 21:44:44.045" endtime="20220131 21:44:44.810"/>
</kw>
<kw name="Wait Until Page Contains Element" library="AppiumLibrary">
<arg>${Playback_notification}</arg>
<doc>Waits until element specified with `locator` appears on current page.</doc>
<msg timestamp="20220131 21:44:44.811" level="TRACE">Arguments: [ 'org.gtv.app:id/notification' ]</msg>
<msg timestamp="20220131 21:44:44.811" level="DEBUG">POST http://localhost:7777/wd/hub/session/e3b9d9a9-db84-476f-86b4-506b7123c4bd/elements {"using": "id", "value": "org.gtv.app:id/notification"}</msg>
<msg timestamp="20220131 21:44:44.993" level="DEBUG">http://localhost:7777 "POST /wd/hub/session/e3b9d9a9-db84-476f-86b4-506b7123c4bd/elements HTTP/1.1" 200 139</msg>
<msg timestamp="20220131 21:44:44.994" level="DEBUG">Finished Request</msg>
<msg timestamp="20220131 21:44:44.994" level="TRACE">Return: None</msg>
<status status="PASS" starttime="20220131 21:44:44.810" endtime="20220131 21:44:44.994"/>
</kw>
<kw name="Click Element" library="AppiumLibrary">
<arg>${Playback_notification}</arg>
<doc>Click element identified by `locator`.</doc>
<msg timestamp="20220131 21:44:44.995" level="TRACE">Arguments: [ 'org.gtv.app:id/notification' ]</msg>
<msg timestamp="20220131 21:44:45.000" level="INFO">Clicking element 'org.gtv.app:id/notification'.</msg>
<msg timestamp="20220131 21:44:45.001" level="DEBUG">POST http://localhost:7777/wd/hub/session/e3b9d9a9-db84-476f-86b4-506b7123c4bd/elements {"using": "id", "value": "org.gtv.app:id/notification"}</msg>
<msg timestamp="20220131 21:44:45.195" level="DEBUG">http://localhost:7777 "POST /wd/hub/session/e3b9d9a9-db84-476f-86b4-506b7123c4bd/elements HTTP/1.1" 200 139</msg>
<msg timestamp="20220131 21:44:45.196" level="DEBUG">Finished Request</msg>
<msg timestamp="20220131 21:44:45.196" level="DEBUG">POST http://localhost:7777/wd/hub/session/e3b9d9a9-db84-476f-86b4-506b7123c4bd/element/00000000-0000-19a1-ffff-ffff0000002f/click {"id": "00000000-0000-19a1-ffff-ffff0000002f"}</msg>
<msg timestamp="20220131 21:44:45.255" level="DEBUG">http://localhost:7777 "POST /wd/hub/session/e3b9d9a9-db84-476f-86b4-506b7123c4bd/element/00000000-0000-19a1-ffff-ffff0000002f/click HTTP/1.1" 200 14</msg>
<msg timestamp="20220131 21:44:45.256" level="DEBUG">Finished Request</msg>
<msg timestamp="20220131 21:44:45.256" level="TRACE">Return: None</msg>
<status status="PASS" starttime="20220131 21:44:44.994" endtime="20220131 21:44:45.256"/>
</kw>
<kw name="Wait Until Page Contains Element" library="AppiumLibrary">
<arg>${quality_hint}</arg>
<doc>Waits until element specified with `locator` appears on current page.</doc>
<msg timestamp="20220131 21:44:45.257" level="TRACE">Arguments: [ 'org.gtv.app:id/quality_hint' ]</msg>
<msg timestamp="20220131 21:44:45.258" level="DEBUG">POST http://localhost:7777/wd/hub/session/e3b9d9a9-db84-476f-86b4-506b7123c4bd/elements {"using": "id", "value": "org.gtv.app:id/quality_hint"}</msg>
<msg timestamp="20220131 21:44:45.382" level="DEBUG">http://localhost:7777 "POST /wd/hub/session/e3b9d9a9-db84-476f-86b4-506b7123c4bd/elements HTTP/1.1" 200 12</msg>
<msg timestamp="20220131 21:44:45.382" level="DEBUG">Finished Request</msg>
<msg timestamp="20220131 21:44:45.583" level="DEBUG">POST http://localhost:7777/wd/hub/session/e3b9d9a9-db84-476f-86b4-506b7123c4bd/elements {"using": "id", "value": "org.gtv.app:id/quality_hint"}</msg>
<msg timestamp="20220131 21:44:46.286" level="DEBUG">http://localhost:7777 "POST /wd/hub/session/e3b9d9a9-db84-476f-86b4-506b7123c4bd/elements HTTP/1.1" 200 139</msg>
<msg timestamp="20220131 21:44:46.286" level="DEBUG">Finished Request</msg>
<msg timestamp="20220131 21:44:46.287" level="TRACE">Return: None</msg>
<status status="PASS" starttime="20220131 21:44:45.256" endtime="20220131 21:44:46.287"/>
</kw>
<kw name="Click Element" library="AppiumLibrary">
<arg>${quality_hint}</arg>
<doc>Click element identified by `locator`.</doc>
<msg timestamp="20220131 21:44:46.287" level="TRACE">Arguments: [ 'org.gtv.app:id/quality_hint' ]</msg>
<msg timestamp="20220131 21:44:46.293" level="INFO">Clicking element 'org.gtv.app:id/quality_hint'.</msg>
<msg timestamp="20220131 21:44:46.293" level="DEBUG">POST http://localhost:7777/wd/hub/session/e3b9d9a9-db84-476f-86b4-506b7123c4bd/elements {"using": "id", "value": "org.gtv.app:id/quality_hint"}</msg>
<msg timestamp="20220131 21:44:46.344" level="DEBUG">http://localhost:7777 "POST /wd/hub/session/e3b9d9a9-db84-476f-86b4-506b7123c4bd/elements HTTP/1.1" 200 139</msg>
<msg timestamp="20220131 21:44:46.344" level="DEBUG">Finished Request</msg>
<msg timestamp="20220131 21:44:46.345" level="DEBUG">POST http://localhost:7777/wd/hub/session/e3b9d9a9-db84-476f-86b4-506b7123c4bd/element/00000000-0000-19a5-ffff-ffff00000221/click {"id": "00000000-0000-19a5-ffff-ffff00000221"}</msg>
<msg timestamp="20220131 21:44:46.386" level="DEBUG">http://localhost:7777 "POST /wd/hub/session/e3b9d9a9-db84-476f-86b4-506b7123c4bd/element/00000000-0000-19a5-ffff-ffff00000221/click HTTP/1.1" 200 14</msg>
<msg timestamp="20220131 21:44:46.387" level="DEBUG">Finished Request</msg>
<msg timestamp="20220131 21:44:46.387" level="TRACE">Return: None</msg>
<status status="PASS" starttime="20220131 21:44:46.287" endtime="20220131 21:44:46.387"/>
</kw>
<kw name="Wait Until Page Contains Element" library="AppiumLibrary">
<arg>${qualities}</arg>
<doc>Waits until element specified with `locator` appears on current page.</doc>
<msg timestamp="20220131 21:44:46.388" level="TRACE">Arguments: [ '//androidx.recyclerview.widget.RecyclerView[@resource-id="org.gtv.app:id/qualities"]' ]</msg>
<msg timestamp="20220131 21:44:46.388" level="DEBUG">POST http://localhost:7777/wd/hub/session/e3b9d9a9-db84-476f-86b4-506b7123c4bd/elements {"using": "xpath", "value": "//androidx.recyclerview.widget.RecyclerView[@resource-id=\"org.gtv.app:id/qualities\"]"}</msg>
<msg timestamp="20220131 21:44:47.393" level="DEBUG">http://localhost:7777 "POST /wd/hub/session/e3b9d9a9-db84-476f-86b4-506b7123c4bd/elements HTTP/1.1" 200 139</msg>
<msg timestamp="20220131 21:44:47.393" level="DEBUG">Finished Request</msg>
<msg timestamp="20220131 21:44:47.394" level="TRACE">Return: None</msg>
<status status="PASS" starttime="20220131 21:44:46.387" endtime="20220131 21:44:47.394"/>
</kw>
<kw name="Get Matching Xpath Count" library="AppiumLibrary">
<var>${count}</var>
<arg>${qualities}/*</arg>
<doc>Returns number of elements matching ``xpath``</doc>
<msg timestamp="20220131 21:44:47.394" level="TRACE">Arguments: [ '//androidx.recyclerview.widget.RecyclerView[@resource-id="org.gtv.app:id/qualities"]/*' ]</msg>
<msg timestamp="20220131 21:44:47.395" level="DEBUG">POST http://localhost:7777/wd/hub/session/e3b9d9a9-db84-476f-86b4-506b7123c4bd/elements {"using": "xpath", "value": "//androidx.recyclerview.widget.RecyclerView[@resource-id=\"org.gtv.app:id/qualities\"]/*"}</msg>
<msg timestamp="20220131 21:44:47.492" level="DEBUG">http://localhost:7777 "POST /wd/hub/session/e3b9d9a9-db84-476f-86b4-506b7123c4bd/elements HTTP/1.1" 200 651</msg>
<msg timestamp="20220131 21:44:47.492" level="DEBUG">Finished Request</msg>
<msg timestamp="20220131 21:44:47.492" level="TRACE">Return: '5'</msg>
<msg timestamp="20220131 21:44:47.493" level="INFO">${count} = 5</msg>
<status status="PASS" starttime="20220131 21:44:47.394" endtime="20220131 21:44:47.493"/>
</kw>
<for flavor="IN RANGE">
<var>${index}</var>
<value>1</value>
<value>${count} + 1</value>
<iter>
<var name="${index}">1</var>
<kw name="Get Text" library="AppiumLibrary">
<var>${qualitiesArray}</var>
<arg>${qualities}/*[${index}]/*[1]</arg>
<doc>Get element text (for hybrid and mobile browser use `xpath` locator, others might cause problem)</doc>
<msg timestamp="20220131 21:44:47.494" level="TRACE">Arguments: [ '//androidx.recyclerview.widget.RecyclerView[@resource-id="org.gtv.app:id/qualities"]/*[1]/*[1]' ]</msg>
<msg timestamp="20220131 21:44:47.494" level="DEBUG">POST http://localhost:7777/wd/hub/session/e3b9d9a9-db84-476f-86b4-506b7123c4bd/elements {"using": "xpath", "value": "//androidx.recyclerview.widget.RecyclerView[@resource-id=\"org.gtv.app:id/qualities\"]/*[1]/*[1]"}</msg>
<msg timestamp="20220131 21:44:47.596" level="DEBUG">http://localhost:7777 "POST /wd/hub/session/e3b9d9a9-db84-476f-86b4-506b7123c4bd/elements HTTP/1.1" 200 139</msg>
<msg timestamp="20220131 21:44:47.597" level="DEBUG">Finished Request</msg>
<msg timestamp="20220131 21:44:47.597" level="DEBUG">GET http://localhost:7777/wd/hub/session/e3b9d9a9-db84-476f-86b4-506b7123c4bd/element/00000000-0000-19a6-ffff-ffff00000231/text {"id": "00000000-0000-19a6-ffff-ffff00000231"}</msg>
<msg timestamp="20220131 21:44:47.633" level="DEBUG">http://localhost:7777 "GET /wd/hub/session/e3b9d9a9-db84-476f-86b4-506b7123c4bd/element/00000000-0000-19a6-ffff-ffff00000231/text HTTP/1.1" 200 67</msg>
<msg timestamp="20220131 21:44:47.633" level="DEBUG">Finished Request</msg>
<msg timestamp="20220131 21:44:47.639" level="INFO">Element '//androidx.recyclerview.widget.RecyclerView[@resource-id="org.gtv.app:id/qualities"]/*[1]/*[1]' text is '144p' </msg>
<msg timestamp="20220131 21:44:47.639" level="TRACE">Return: '144p'</msg>
<msg timestamp="20220131 21:44:47.639" level="INFO">${qualitiesArray} = 144p</msg>
<status status="PASS" starttime="20220131 21:44:47.494" endtime="20220131 21:44:47.639"/>
</kw>
<kw name="Click Element" library="AppiumLibrary">
<arg>${qualities}/*[${index}]</arg>
<doc>Click element identified by `locator`.</doc>
<msg timestamp="20220131 21:44:47.640" level="TRACE">Arguments: [ '//androidx.recyclerview.widget.RecyclerView[@resource-id="org.gtv.app:id/qualities"]/*[1]' ]</msg>
<msg timestamp="20220131 21:44:47.646" level="INFO">Clicking element '//androidx.recyclerview.widget.RecyclerView[@resource-id="org.gtv.app:id/qualities"]/*[1]'.</msg>
<msg timestamp="20220131 21:44:47.646" level="DEBUG">POST http://localhost:7777/wd/hub/session/e3b9d9a9-db84-476f-86b4-506b7123c4bd/elements {"using": "xpath", "value": "//androidx.recyclerview.widget.RecyclerView[@resource-id=\"org.gtv.app:id/qualities\"]/*[1]"}</msg>
<msg timestamp="20220131 21:44:47.788" level="DEBUG">http://localhost:7777 "POST /wd/hub/session/e3b9d9a9-db84-476f-86b4-506b7123c4bd/elements HTTP/1.1" 200 139</msg>
<msg timestamp="20220131 21:44:47.789" level="DEBUG">Finished Request</msg>
<msg timestamp="20220131 21:44:47.789" level="DEBUG">POST http://localhost:7777/wd/hub/session/e3b9d9a9-db84-476f-86b4-506b7123c4bd/element/00000000-0000-19a6-ffff-ffff0000022c/click {"id": "00000000-0000-19a6-ffff-ffff0000022c"}</msg>
<msg timestamp="20220131 21:44:47.822" level="DEBUG">http://localhost:7777 "POST /wd/hub/session/e3b9d9a9-db84-476f-86b4-506b7123c4bd/element/00000000-0000-19a6-ffff-ffff0000022c/click HTTP/1.1" 200 14</msg>
<msg timestamp="20220131 21:44:47.822" level="DEBUG">Finished Request</msg>
<msg timestamp="20220131 21:44:47.823" level="TRACE">Return: None</msg>
<status status="PASS" starttime="20220131 21:44:47.639" endtime="20220131 21:44:47.823"/>
</kw>
<kw name="Click Element At Coordinates" library="AppiumLibrary">
<arg>100</arg>
<arg>666</arg>
<doc>click element at a certain coordinate</doc>
<msg timestamp="20220131 21:44:47.823" level="TRACE">Arguments: [ '100' | '666' ]</msg>
<msg timestamp="20220131 21:44:47.829" level="INFO">Pressing at (100, 666).</msg>
<msg timestamp="20220131 21:44:47.830" level="DEBUG">POST http://localhost:7777/wd/hub/session/e3b9d9a9-db84-476f-86b4-506b7123c4bd/touch/perform {"actions": [{"action": "press", "options": {"x": "100", "y": "666"}}, {"action": "release", "options": {}}]}</msg>
<msg timestamp="20220131 21:44:48.495" level="DEBUG">http://localhost:7777 "POST /wd/hub/session/e3b9d9a9-db84-476f-86b4-506b7123c4bd/touch/perform HTTP/1.1" 200 14</msg>
<msg timestamp="20220131 21:44:48.496" level="DEBUG">Finished Request</msg>
<msg timestamp="20220131 21:44:48.496" level="TRACE">Return: None</msg>
[...]
<msg timestamp="20220131 21:46:06.135" level="DEBUG">http://localhost:7777 "POST /wd/hub/session/e3b9d9a9-db84-476f-86b4-506b7123c4bd/elements HTTP/1.1" 200 139</msg>
<msg timestamp="20220131 21:46:06.135" level="DEBUG">Finished Request</msg>
<msg timestamp="20220131 21:46:06.135" level="TRACE">Return: None</msg>
<status status="PASS" starttime="20220131 21:46:04.261" endtime="20220131 21:46:06.135"/>
</kw>
<kw name="Click Element At Coordinates" library="AppiumLibrary">
<arg>100</arg>
<arg>666</arg>
<doc>click element at a certain coordinate</doc>
<msg timestamp="20220131 21:46:06.136" level="TRACE">Arguments: [ '100' | '666' ]</msg>
<msg timestamp="20220131 21:46:06.142" level="INFO">Pressing at (100, 666).</msg>
<msg timestamp="20220131 21:46:06.142" level="DEBUG">POST http://localhost:7777/wd/hub/session/e3b9d9a9-db84-476f-86b4-506b7123c4bd/touch/perform {"actions": [{"action": "press", "options": {"x": "100", "y": "666"}}, {"action": "release", "options": {}}]}</msg>
<msg timestamp="20220131 21:46:06.293" level="DEBUG">http://localhost:7777 "POST /wd/hub/session/e3b9d9a9-db84-476f-86b4-506b7123c4bd/touch/perform HTTP/1.1" 200 14</msg>
<msg timestamp="20220131 21:46:06.293" level="DEBUG">Finished Request</msg>
<msg timestamp="20220131 21:46:06.293" level="TRACE">Return: None</msg>
<status status="PASS" starttime="20220131 21:46:06.136" endtime="20220131 21:46:06.293"/>
</kw>
<kw name="Sleep" library="BuiltIn">
<arg>1</arg>
<doc>Pauses the test executed for the given time.</doc>
<msg timestamp="20220131 21:46:06.294" level="TRACE">Arguments: [ '1' ]</msg>
<msg timestamp="20220131 21:46:07.294" level="INFO">Slept 1 second</msg>
<msg timestamp="20220131 21:46:07.294" level="TRACE">Return: None</msg>
<status status="PASS" starttime="20220131 21:46:06.294" endtime="20220131 21:46:07.294"/>
</kw>
<kw name="Click Element At Coordinates" library="AppiumLibrary">
<arg>535</arg>
<arg>380</arg>
<doc>click element at a certain coordinate</doc>
<msg timestamp="20220131 21:46:07.294" level="TRACE">Arguments: [ '535' | '380' ]</msg>
<msg timestamp="20220131 21:46:07.300" level="INFO">Pressing at (535, 380).</msg>
<msg timestamp="20220131 21:46:07.300" level="DEBUG">POST http://localhost:7777/wd/hub/session/e3b9d9a9-db84-476f-86b4-506b7123c4bd/touch/perform {"actions": [{"action": "press", "options": {"x": "535", "y": "380"}}, {"action": "release", "options": {}}]}</msg>
<msg timestamp="20220131 21:46:08.060" level="DEBUG">http://localhost:7777 "POST /wd/hub/session/e3b9d9a9-db84-476f-86b4-506b7123c4bd/touch/perform HTTP/1.1" 200 14</msg>
<msg timestamp="20220131 21:46:08.061" level="DEBUG">Finished Request</msg>
<msg timestamp="20220131 21:46:08.061" level="TRACE">Return: None</msg>
<status status="PASS" starttime="20220131 21:46:07.294" endtime="20220131 21:46:08.061"/>
</kw>
<kw name="Get Element Attribute" library="AppiumLibrary">
<var>${SelectStatus}</var>
<arg>${Playback_video_collect}</arg>
<arg>selected</arg>
<doc>Get element attribute using given attribute: name, value,...</doc>
<msg timestamp="20220131 21:46:08.062" level="TRACE">Arguments: [ 'org.gtv.app:id/video_collect' | 'selected' ]</msg>
<msg timestamp="20220131 21:46:08.063" level="DEBUG">POST http://localhost:7777/wd/hub/session/e3b9d9a9-db84-476f-86b4-506b7123c4bd/elements {"using": "id", "value": "org.gtv.app:id/video_collect"}</msg>
<msg timestamp="20220131 21:46:08.206" level="DEBUG">http://localhost:7777 "POST /wd/hub/session/e3b9d9a9-db84-476f-86b4-506b7123c4bd/elements HTTP/1.1" 200 139</msg>
<msg timestamp="20220131 21:46:08.206" level="DEBUG">Finished Request</msg>
<msg timestamp="20220131 21:46:08.207" level="DEBUG">GET http://localhost:7777/wd/hub/session/e3b9d9a9-db84-476f-86b4-506b7123c4bd/element/00000000-0000-19a1-ffff-ffff00000514/attribute/selected {"name": "selected", "id": "00000000-0000-19a1-ffff-ffff00000514"}</msg>
<msg timestamp="20220131 21:46:08.234" level="DEBUG">http://localhost:7777 "GET /wd/hub/session/e3b9d9a9-db84-476f-86b4-506b7123c4bd/element/00000000-0000-19a1-ffff-ffff00000514/attribute/selected HTTP/1.1" 200 16</msg>
<msg timestamp="20220131 21:46:08.234" level="DEBUG">Finished Request</msg>
<msg timestamp="20220131 21:46:08.240" level="INFO">Element 'org.gtv.app:id/video_collect' attribute 'selected' value 'true' </msg>
<msg timestamp="20220131 21:46:08.240" level="TRACE">Return: 'true'</msg>
<msg timestamp="20220131 21:46:08.240" level="INFO">${SelectStatus} = true</msg>
<status status="PASS" starttime="20220131 21:46:08.062" endtime="20220131 21:46:08.240"/>
</kw>
<if>
<branch type="IF" condition="'${SelectStatus}' == 'true'">
<kw name="Click Element" library="AppiumLibrary">
<arg>${Playback_video_collect}</arg>
<doc>Click element identified by `locator`.</doc>
<msg timestamp="20220131 21:46:08.241" level="TRACE">Arguments: [ 'org.gtv.app:id/video_collect' ]</msg>
<msg timestamp="20220131 21:46:08.247" level="INFO">Clicking element 'org.gtv.app:id/video_collect'.</msg>
<msg timestamp="20220131 21:46:08.247" level="DEBUG">POST http://localhost:7777/wd/hub/session/e3b9d9a9-db84-476f-86b4-506b7123c4bd/elements {"using": "id", "value": "org.gtv.app:id/video_collect"}</msg>
<msg timestamp="20220131 21:46:08.408" level="DEBUG">http://localhost:7777 "POST /wd/hub/session/e3b9d9a9-db84-476f-86b4-506b7123c4bd/elements HTTP/1.1" 200 139</msg>
<msg timestamp="20220131 21:46:08.408" level="DEBUG">Finished Request</msg>
<msg timestamp="20220131 21:46:08.409" level="DEBUG">POST http://localhost:7777/wd/hub/session/e3b9d9a9-db84-476f-86b4-506b7123c4bd/element/00000000-0000-19a1-ffff-ffff00000514/click {"id": "00000000-0000-19a1-ffff-ffff00000514"}</msg>
<msg timestamp="20220131 21:46:08.454" level="DEBUG">http://localhost:7777 "POST /wd/hub/session/e3b9d9a9-db84-476f-86b4-506b7123c4bd/element/00000000-0000-19a1-ffff-ffff00000514/click HTTP/1.1" 200 14</msg>
<msg timestamp="20220131 21:46:08.455" level="DEBUG">Finished Request</msg>
<msg timestamp="20220131 21:46:08.455" level="TRACE">Return: None</msg>
<status status="PASS" starttime="20220131 21:46:08.241" endtime="20220131 21:46:08.455"/>
</kw>
<status status="PASS" starttime="20220131 21:46:08.241" endtime="20220131 21:46:08.455"/>
</branch>
<status status="PASS" starttime="20220131 21:46:08.240" endtime="20220131 21:46:08.455"/>
</if>
<kw name="Go Back" library="AppiumLibrary">
<doc>Goes one step backward in the browser history.</doc>
<msg timestamp="20220131 21:46:08.456" level="TRACE">Arguments: [  ]</msg>
<msg timestamp="20220131 21:46:08.456" level="DEBUG">POST http://localhost:7777/wd/hub/session/e3b9d9a9-db84-476f-86b4-506b7123c4bd/back {}</msg>
<msg timestamp="20220131 21:46:08.580" level="DEBUG">http://localhost:7777 "POST /wd/hub/session/e3b9d9a9-db84-476f-86b4-506b7123c4bd/back HTTP/1.1" 200 65</msg>
<msg timestamp="20220131 21:46:08.580" level="DEBUG">Finished Request</msg>
<msg timestamp="20220131 21:46:08.580" level="TRACE">Return: None</msg>
<status status="PASS" starttime="20220131 21:46:08.455" endtime="20220131 21:46:08.580"/>
</kw>
<kw name="Wait Until Page Contains Element" library="AppiumLibrary">
<arg>${Video_Playback_close}</arg>
<doc>Waits until element specified with `locator` appears on current page.</doc>
<msg timestamp="20220131 21:46:08.581" level="TRACE">Arguments: [ 'org.gtv.app:id/close' ]</msg>
<msg timestamp="20220131 21:46:08.582" level="DEBUG">POST http://localhost:7777/wd/hub/session/e3b9d9a9-db84-476f-86b4-506b7123c4bd/elements {"using": "id", "value": "org.gtv.app:id/close"}</msg>
<msg timestamp="20220131 21:46:09.940" level="DEBUG">http://localhost:7777 "POST /wd/hub/session/e3b9d9a9-db84-476f-86b4-506b7123c4bd/elements HTTP/1.1" 200 139</msg>
<msg timestamp="20220131 21:46:09.941" level="DEBUG">Finished Request</msg>
<msg timestamp="20220131 21:46:09.941" level="TRACE">Return: None</msg>
<status status="PASS" starttime="20220131 21:46:08.581" endtime="20220131 21:46:09.941"/>
</kw>
<kw name="Click Element" library="AppiumLibrary">
<arg>${Video_Playback_close}</arg>
<doc>Click element identified by `locator`.</doc>
<msg timestamp="20220131 21:46:09.942" level="TRACE">Arguments: [ 'org.gtv.app:id/close' ]</msg>
<msg timestamp="20220131 21:46:09.948" level="INFO">Clicking element 'org.gtv.app:id/close'.</msg>
<msg timestamp="20220131 21:46:09.948" level="DEBUG">POST http://localhost:7777/wd/hub/session/e3b9d9a9-db84-476f-86b4-506b7123c4bd/elements {"using": "id", "value": "org.gtv.app:id/close"}</msg>
<msg timestamp="20220131 21:46:10.056" level="DEBUG">http://localhost:7777 "POST /wd/hub/session/e3b9d9a9-db84-476f-86b4-506b7123c4bd/elements HTTP/1.1" 200 139</msg>
<msg timestamp="20220131 21:46:10.057" level="DEBUG">Finished Request</msg>
<msg timestamp="20220131 21:46:10.057" level="DEBUG">POST http://localhost:7777/wd/hub/session/e3b9d9a9-db84-476f-86b4-506b7123c4bd/element/00000000-0000-19a1-ffff-ffff000004c7/click {"id": "00000000-0000-19a1-ffff-ffff000004c7"}</msg>
<msg timestamp="20220131 21:46:10.105" level="DEBUG">http://localhost:7777 "POST /wd/hub/session/e3b9d9a9-db84-476f-86b4-506b7123c4bd/element/00000000-0000-19a1-ffff-ffff000004c7/click HTTP/1.1" 200 14</msg>
<msg timestamp="20220131 21:46:10.106" level="DEBUG">Finished Request</msg>
<msg timestamp="20220131 21:46:10.106" level="TRACE">Return: None</msg>
<status status="PASS" starttime="20220131 21:46:09.942" endtime="20220131 21:46:10.106"/>
</kw>
<kw name="Navigate To Favorites" library="resource">
<msg timestamp="20220131 21:46:10.107" level="TRACE">Arguments: [  ]</msg>
<kw name="Wait Until Page Contains Element" library="AppiumLibrary">
<arg>${Main_Profile}</arg>
<doc>Waits until element specified with `locator` appears on current page.</doc>
<msg timestamp="20220131 21:46:10.108" level="TRACE">Arguments: [ 'org.gtv.app:id/navigation_mine' ]</msg>
<msg timestamp="20220131 21:46:10.108" level="DEBUG">POST http://localhost:7777/wd/hub/session/e3b9d9a9-db84-476f-86b4-506b7123c4bd/elements {"using": "id", "value": "org.gtv.app:id/navigation_mine"}</msg>
<msg timestamp="20220131 21:46:10.770" level="DEBUG">http://localhost:7777 "POST /wd/hub/session/e3b9d9a9-db84-476f-86b4-506b7123c4bd/elements HTTP/1.1" 200 139</msg>
<msg timestamp="20220131 21:46:10.771" level="DEBUG">Finished Request</msg>
<msg timestamp="20220131 21:46:10.771" level="TRACE">Return: None</msg>
<status status="PASS" starttime="20220131 21:46:10.107" endtime="20220131 21:46:10.771"/>
</kw>
<kw name="Click Element" library="AppiumLibrary">
<arg>${Main_Profile}</arg>
<doc>Click element identified by `locator`.</doc>
<msg timestamp="20220131 21:46:10.772" level="TRACE">Arguments: [ 'org.gtv.app:id/navigation_mine' ]</msg>
<msg timestamp="20220131 21:46:10.778" level="INFO">Clicking element 'org.gtv.app:id/navigation_mine'.</msg>
<msg timestamp="20220131 21:46:10.778" level="DEBUG">POST http://localhost:7777/wd/hub/session/e3b9d9a9-db84-476f-86b4-506b7123c4bd/elements {"using": "id", "value": "org.gtv.app:id/navigation_mine"}</msg>
<msg timestamp="20220131 21:46:10.847" level="DEBUG">http://localhost:7777 "POST /wd/hub/session/e3b9d9a9-db84-476f-86b4-506b7123c4bd/elements HTTP/1.1" 200 139</msg>
<msg timestamp="20220131 21:46:10.847" level="DEBUG">Finished Request</msg>
<msg timestamp="20220131 21:46:10.848" level="DEBUG">POST http://localhost:7777/wd/hub/session/e3b9d9a9-db84-476f-86b4-506b7123c4bd/element/00000000-0000-19a1-ffff-ffff00000012/click {"id": "00000000-0000-19a1-ffff-ffff00000012"}</msg>
<msg timestamp="20220131 21:46:10.893" level="DEBUG">http://localhost:7777 "POST /wd/hub/session/e3b9d9a9-db84-476f-86b4-506b7123c4bd/element/00000000-0000-19a1-ffff-ffff00000012/click HTTP/1.1" 200 14</msg>
<msg timestamp="20220131 21:46:10.893" level="DEBUG">Finished Request</msg>
<msg timestamp="20220131 21:46:10.894" level="TRACE">Return: None</msg>
<status status="PASS" starttime="20220131 21:46:10.772" endtime="20220131 21:46:10.894"/>
</kw>
<kw name="Wait Until Page Contains Element" library="AppiumLibrary">
<arg>${MyProfile_History_and_Favorites}</arg>
<doc>Waits until element specified with `locator` appears on current page.</doc>
<msg timestamp="20220131 21:46:10.895" level="TRACE">Arguments: [ '//android.widget.TextView[@text="History and Favorites"]' ]</msg>
<msg timestamp="20220131 21:46:10.895" level="DEBUG">POST http://localhost:7777/wd/hub/session/e3b9d9a9-db84-476f-86b4-506b7123c4bd/elements {"using": "xpath", "value": "//android.widget.TextView[@text=\"History and Favorites\"]"}</msg>
<msg timestamp="20220131 21:46:11.126" level="DEBUG">http://localhost:7777 "POST /wd/hub/session/e3b9d9a9-db84-476f-86b4-506b7123c4bd/elements HTTP/1.1" 200 139</msg>
<msg timestamp="20220131 21:46:11.126" level="DEBUG">Finished Request</msg>
<msg timestamp="20220131 21:46:11.126" level="TRACE">Return: None</msg>
<status status="PASS" starttime="20220131 21:46:10.894" endtime="20220131 21:46:11.127"/>
</kw>
<kw name="Click Element" library="AppiumLibrary">
<arg>${MyProfile_History_and_Favorites}</arg>
<doc>Click element identified by `locator`.</doc>
<msg timestamp="20220131 21:46:11.127" level="TRACE">Arguments: [ '//android.widget.TextView[@text="History and Favorites"]' ]</msg>
<msg timestamp="20220131 21:46:11.133" level="INFO">Clicking element '//android.widget.TextView[@text="History and Favorites"]'.</msg>
<msg timestamp="20220131 21:46:11.133" level="DEBUG">POST http://localhost:7777/wd/hub/session/e3b9d9a9-db84-476f-86b4-506b7123c4bd/elements {"using": "xpath", "value": "//android.widget.TextView[@text=\"History and Favorites\"]"}</msg>
<msg timestamp="20220131 21:46:11.683" level="DEBUG">http://localhost:7777 "POST /wd/hub/session/e3b9d9a9-db84-476f-86b4-506b7123c4bd/elements HTTP/1.1" 200 139</msg>
<msg timestamp="20220131 21:46:11.684" level="DEBUG">Finished Request</msg>
<msg timestamp="20220131 21:46:11.684" level="DEBUG">POST http://localhost:7777/wd/hub/session/e3b9d9a9-db84-476f-86b4-506b7123c4bd/element/00000000-0000-19a1-ffff-ffff00000595/click {"id": "00000000-0000-19a1-ffff-ffff00000595"}</msg>
<msg timestamp="20220131 21:46:11.733" level="DEBUG">http://localhost:7777 "POST /wd/hub/session/e3b9d9a9-db84-476f-86b4-506b7123c4bd/element/00000000-0000-19a1-ffff-ffff00000595/click HTTP/1.1" 200 14</msg>
<msg timestamp="20220131 21:46:11.733" level="DEBUG">Finished Request</msg>
<msg timestamp="20220131 21:46:11.733" level="TRACE">Return: None</msg>
<status status="PASS" starttime="20220131 21:46:11.127" endtime="20220131 21:46:11.733"/>
</kw>
<kw name="Wait Until Page Contains Element" library="AppiumLibrary">
<arg>${MyProfile_Favorites}</arg>
<doc>Waits until element specified with `locator` appears on current page.</doc>
<msg timestamp="20220131 21:46:11.734" level="TRACE">Arguments: [ '//android.widget.TextView[@text="Favorites"]' ]</msg>
<msg timestamp="20220131 21:46:11.735" level="DEBUG">POST http://localhost:7777/wd/hub/session/e3b9d9a9-db84-476f-86b4-506b7123c4bd/elements {"using": "xpath", "value": "//android.widget.TextView[@text=\"Favorites\"]"}</msg>
<msg timestamp="20220131 21:46:11.920" level="DEBUG">http://localhost:7777 "POST /wd/hub/session/e3b9d9a9-db84-476f-86b4-506b7123c4bd/elements HTTP/1.1" 200 139</msg>
<msg timestamp="20220131 21:46:11.920" level="DEBUG">Finished Request</msg>
<msg timestamp="20220131 21:46:11.921" level="TRACE">Return: None</msg>
<status status="PASS" starttime="20220131 21:46:11.734" endtime="20220131 21:46:11.921"/>
</kw>
<kw name="Click Element" library="AppiumLibrary">
<arg>${MyProfile_Favorites}</arg>
<doc>Click element identified by `locator`.</doc>
<msg timestamp="20220131 21:46:11.921" level="TRACE">Arguments: [ '//android.widget.TextView[@text="Favorites"]' ]</msg>
<msg timestamp="20220131 21:46:11.927" level="INFO">Clicking element '//android.widget.TextView[@text="Favorites"]'.</msg>
<msg timestamp="20220131 21:46:11.927" level="DEBUG">POST http://localhost:7777/wd/hub/session/e3b9d9a9-db84-476f-86b4-506b7123c4bd/elements {"using": "xpath", "value": "//android.widget.TextView[@text=\"Favorites\"]"}</msg>
<msg timestamp="20220131 21:46:12.816" level="DEBUG">http://localhost:7777 "POST /wd/hub/session/e3b9d9a9-db84-476f-86b4-506b7123c4bd/elements HTTP/1.1" 200 139</msg>
<msg timestamp="20220131 21:46:12.816" level="DEBUG">Finished Request</msg>
<msg timestamp="20220131 21:46:12.817" level="DEBUG">POST http://localhost:7777/wd/hub/session/e3b9d9a9-db84-476f-86b4-506b7123c4bd/element/00000000-0000-19a1-ffff-ffff000005b3/click {"id": "00000000-0000-19a1-ffff-ffff000005b3"}</msg>
<msg timestamp="20220131 21:46:12.864" level="DEBUG">http://localhost:7777 "POST /wd/hub/session/e3b9d9a9-db84-476f-86b4-506b7123c4bd/element/00000000-0000-19a1-ffff-ffff000005b3/click HTTP/1.1" 200 14</msg>
<msg timestamp="20220131 21:46:12.865" level="DEBUG">Finished Request</msg>
<msg timestamp="20220131 21:46:12.865" level="TRACE">Return: None</msg>
<status status="PASS" starttime="20220131 21:46:11.921" endtime="20220131 21:46:12.865"/>
</kw>
<msg timestamp="20220131 21:46:12.866" level="TRACE">Return: None</msg>
<status status="PASS" starttime="20220131 21:46:10.107" endtime="20220131 21:46:12.866"/>
</kw>
<kw name="Wait Until Page Contains Element" library="AppiumLibrary">
<arg>${Myprofile_favourite_title}</arg>
<doc>Waits until element specified with `locator` appears on current page.</doc>
<msg timestamp="20220131 21:46:12.867" level="TRACE">Arguments: [ 'org.gtv.app:id/tv_item_mine_works_title' ]</msg>
<msg timestamp="20220131 21:46:12.867" level="DEBUG">POST http://localhost:7777/wd/hub/session/e3b9d9a9-db84-476f-86b4-506b7123c4bd/elements {"using": "id", "value": "org.gtv.app:id/tv_item_mine_works_title"}</msg>
<msg timestamp="20220131 21:46:13.852" level="DEBUG">http://localhost:7777 "POST /wd/hub/session/e3b9d9a9-db84-476f-86b4-506b7123c4bd/elements HTTP/1.1" 200 12</msg>
<msg timestamp="20220131 21:46:13.853" level="DEBUG">Finished Request</msg>
<msg timestamp="20220131 21:46:14.053" level="DEBUG">POST http://localhost:7777/wd/hub/session/e3b9d9a9-db84-476f-86b4-506b7123c4bd/elements {"using": "id", "value": "org.gtv.app:id/tv_item_mine_works_title"}</msg>
<msg timestamp="20220131 21:46:14.777" level="DEBUG">http://localhost:7777 "POST /wd/hub/session/e3b9d9a9-db84-476f-86b4-506b7123c4bd/elements HTTP/1.1" 200 523</msg>
<msg timestamp="20220131 21:46:14.778" level="DEBUG">Finished Request</msg>
<msg timestamp="20220131 21:46:14.778" level="TRACE">Return: None</msg>
<status status="PASS" starttime="20220131 21:46:12.866" endtime="20220131 21:46:14.778"/>
</kw>
<kw name="Page Should Not Contain Text" library="AppiumLibrary">
<arg>${title}</arg>
<doc>Verifies that current page not contains `text`.</doc>
<msg timestamp="20220131 21:46:14.779" level="TRACE">Arguments: [ 'tg' ]</msg>
<msg timestamp="20220131 21:46:14.780" level="DEBUG">GET http://localhost:7777/wd/hub/session/e3b9d9a9-db84-476f-86b4-506b7123c4bd/source {}</msg>
<msg timestamp="20220131 21:46:15.076" level="DEBUG">http://localhost:7777 "GET /wd/hub/session/e3b9d9a9-db84-476f-86b4-506b7123c4bd/source HTTP/1.1" 200 37015</msg>
<msg timestamp="20220131 21:46:15.078" level="DEBUG">Finished Request</msg>
<msg timestamp="20220131 21:46:15.083" level="INFO">Current page does not contains text 'tg'.</msg>
<msg timestamp="20220131 21:46:15.084" level="TRACE">Return: None</msg>
<status status="PASS" starttime="20220131 21:46:14.779" endtime="20220131 21:46:15.084"/>
</kw>
<msg timestamp="20220131 21:46:15.084" level="TRACE">Return: None</msg>
<status status="PASS" starttime="20220131 21:45:48.833" endtime="20220131 21:46:15.084"/>
</kw>
<status status="PASS" starttime="20220131 21:45:48.832" endtime="20220131 21:46:15.085"/>
</test>
<status status="PASS" starttime="20220131 21:44:08.596" endtime="20220131 21:46:15.087"/>
</suite>
<statistics>
<total>
<stat pass="9" fail="0" skip="0">All Tests</stat>
</total>
<tag>
</tag>
<suite>
<stat pass="9" fail="0" skip="0" id="s1" name="Test">Test</stat>
</suite>
</statistics>
<errors>
</errors>
</robot>
